Downloading binaries...
Downloading kernel 2.6 (MIPS)...
--2026-05-18 16:00:22--  https://github.com/firmadyne/kernel-v2.6/releases/download/v1.1/vmlinux.mipsel
Resolving github.com (github.com)... 140.82.112.3
Connecting to github.com (github.com)|140.82.112.3|:443... connected.
HTTP request sent, awaiting response... 302 Found
Location: https://release-assets.githubusercontent.com/github-production-release-asset/51779291/b67e8200-ec7e-11ea-9503-3717182657ae?sp=r&sv=2018-11-09&sr=b&spr=https&se=2026-05-18T20%3A54%3A40Z&rscd=attachment%3B+filename%3Dvmlinux.mipsel&rsct=application%2Foctet-stream&skoid=96c2d410-5711-43a1-aedd-ab1947aa7ab0&sktid=398a6654-997b-47e9-b12b-9515b896b4de&skt=2026-05-18T19%3A53%3A59Z&ske=2026-05-18T20%3A54%3A40Z&sks=b&skv=2018-11-09&sig=siQRYyqDhU2pP9hU4S6PHy7QZ413xppLeMiwQjNpk%2BM%3D&jwt=eyJ0eXAiOiJKV1QiLCJhbGciOiJIUzI1NiJ9.eyJpc3MiOiJnaXRodWIuY29tIiwiYXVkIjoicmVsZWFzZS1hc3NldHMuZ2l0aHVidXNlcmNvbnRlbnQuY29tIiwia2V5Ijoia2V5MSIsImV4cCI6MTc3OTEzNDcyMiwibmJmIjoxNzc5MTM0NDIyLCJwYXRoIjoicmVsZWFzZWFzc2V0cHJvZHVjdGlvbi5ibG9iLmNvcmUud2luZG93cy5uZXQifQ.shbZ7sjP5mXH8kUg1nGp5IH9_zqRxsq9u9JQx_an8i4&response-content-disposition=attachment%3B%20filename%3Dvmlinux.mipsel&response-content-type=application%2Foctet-stream [following]
--2026-05-18 16:00:22--  https://release-assets.githubusercontent.com/github-production-release-asset/51779291/b67e8200-ec7e-11ea-9503-3717182657ae?sp=r&sv=2018-11-09&sr=b&spr=https&se=2026-05-18T20%3A54%3A40Z&rscd=attachment%3B+filename%3Dvmlinux.mipsel&rsct=application%2Foctet-stream&skoid=96c2d410-5711-43a1-aedd-ab1947aa7ab0&sktid=398a6654-997b-47e9-b12b-9515b896b4de&skt=2026-05-18T19%3A53%3A59Z&ske=2026-05-18T20%3A54%3A40Z&sks=b&skv=2018-11-09&sig=siQRYyqDhU2pP9hU4S6PHy7QZ413xppLeMiwQjNpk%2BM%3D&jwt=eyJ0eXAiOiJKV1QiLCJhbGciOiJIUzI1NiJ9.eyJpc3MiOiJnaXRodWIuY29tIiwiYXVkIjoicmVsZWFzZS1hc3NldHMuZ2l0aHVidXNlcmNvbnRlbnQuY29tIiwia2V5Ijoia2V5MSIsImV4cCI6MTc3OTEzNDcyMiwibmJmIjoxNzc5MTM0NDIyLCJwYXRoIjoicmVsZWFzZWFzc2V0cHJvZHVjdGlvbi5ibG9iLmNvcmUud2luZG93cy5uZXQifQ.shbZ7sjP5mXH8kUg1nGp5IH9_zqRxsq9u9JQx_an8i4&response-content-disposition=attachment%3B%20filename%3Dvmlinux.mipsel&response-content-type=application%2Foctet-stream
Resolving release-assets.githubusercontent.com (release-assets.githubusercontent.com)... 185.199.111.133, 185.199.108.133, 185.199.110.133, ...
Connecting to release-assets.githubusercontent.com (release-assets.githubusercontent.com)|185.199.111.133|:443... connected.
HTTP request sent, awaiting response... 200 OK
Length: 8161696 (7.8M) [application/octet-stream]
Saving to: ‘./binaries/vmlinux.mipsel’

     0K .......... .......... .......... .......... ..........  0% 6.89M 1s
    50K .......... .......... .......... .......... ..........  1% 7.77M 1s
   100K .......... .......... .......... .......... ..........  1% 48.2M 1s
   150K .......... .......... .......... .......... ..........  2% 11.2M 1s
   200K .......... .......... .......... .......... ..........  3% 50.1M 1s
   250K .......... .......... .......... .......... ..........  3% 47.4M 1s
   300K .......... .......... .......... .......... ..........  4% 56.4M 0s
   350K .......... .......... .......... .......... ..........  5% 55.9M 0s
   400K .......... .......... .......... .......... ..........  5% 18.2M 0s
   450K .......... .......... .......... .......... ..........  6% 76.1M 0s
   500K .......... .......... .......... .......... ..........  6% 75.3M 0s
   550K .......... .......... .......... .......... ..........  7% 91.0M 0s
   600K .......... .......... .......... .......... ..........  8%  142M 0s
   650K .......... .......... .......... .......... ..........  8%  102M 0s
   700K .......... .......... .......... .......... ..........  9%  105M 0s
   750K .......... .......... .......... .......... .......... 10% 97.4M 0s
   800K .......... .......... .......... .......... .......... 10% 95.8M 0s
   850K .......... .......... .......... .......... .......... 11% 65.7M 0s
   900K .......... .......... .......... .......... .......... 11% 33.0M 0s
   950K .......... .......... .......... .......... .......... 12% 97.4M 0s
  1000K .......... .......... .......... .......... .......... 13%  127M 0s
  1050K .......... .......... .......... .......... .......... 13%  127M 0s
  1100K .......... .......... .......... .......... .......... 14% 97.6M 0s
  1150K .......... .......... .......... .......... .......... 15%  103M 0s
  1200K .......... .......... .......... .......... .......... 15%  142M 0s
  1250K .......... .......... .......... .......... .......... 16%  105M 0s
  1300K .......... .......... .......... .......... .......... 16% 5.86M 0s
  1350K .......... .......... .......... .......... .......... 17%  126M 0s
  1400K .......... .......... .......... .......... .......... 18%  256M 0s
  1450K .......... .......... .......... .......... .......... 18%  257M 0s
  1500K .......... .......... .......... .......... .......... 19% 3.44M 0s
  1550K .......... .......... .......... .......... .......... 20%  153M 0s
  1600K .......... .......... .......... .......... .......... 20%  266M 0s
  1650K .......... .......... .......... .......... .......... 21%  285M 0s
  1700K .......... .......... .......... .......... .......... 21%  270M 0s
  1750K .......... .......... .......... .......... .......... 22%  289M 0s
  1800K .......... .......... .......... .......... .......... 23%  288M 0s
  1850K .......... .......... .......... .......... .......... 23%  298M 0s
  1900K .......... .......... .......... .......... .......... 24%  294M 0s
  1950K .......... .......... .......... .......... .......... 25%  219M 0s
  2000K .......... .......... .......... .......... .......... 25%  286M 0s
  2050K .......... .......... .......... .......... .......... 26%  289M 0s
  2100K .......... .......... .......... .......... .......... 26%  280M 0s
  2150K .......... .......... .......... .......... .......... 27%  300M 0s
  2200K .......... .......... .......... .......... .......... 28%  288M 0s
  2250K .......... .......... .......... .......... .......... 28%  279M 0s
  2300K .......... .......... .......... .......... .......... 29%  288M 0s
  2350K .......... .......... .......... .......... .......... 30%  224M 0s
  2400K .......... .......... .......... .......... .......... 30%  298M 0s
  2450K .......... .......... .......... .......... .......... 31%  299M 0s
  2500K .......... .......... .......... .......... .......... 31%  297M 0s
  2550K .......... .......... .......... .......... .......... 32%  285M 0s
  2600K .......... .......... .......... .......... .......... 33%  294M 0s
  2650K .......... .......... .......... .......... .......... 33%  287M 0s
  2700K .......... .......... .......... .......... .......... 34%  296M 0s
  2750K .......... .......... .......... .......... .......... 35%  142M 0s
  2800K .......... .......... .......... .......... .......... 35%  235M 0s
  2850K .......... .......... .......... .......... .......... 36%  255M 0s
  2900K .......... .......... .......... .......... .......... 37%  315M 0s
  2950K .......... .......... .......... .......... .......... 37%  315M 0s
  3000K .......... .......... .......... .......... .......... 38%  315M 0s
  3050K .......... .......... .......... .......... .......... 38%  320M 0s
  3100K .......... .......... .......... .......... .......... 39%  288M 0s
  3150K .......... .......... .......... .......... .......... 40%  239M 0s
  3200K .......... .......... .......... .......... .......... 40%  324M 0s
  3250K .......... .......... .......... .......... .......... 41%  325M 0s
  3300K .......... .......... .......... .......... .......... 42%  258M 0s
  3350K .......... .......... .......... .......... .......... 42%  333M 0s
  3400K .......... .......... .......... .......... .......... 43%  306M 0s
  3450K .......... .......... .......... .......... .......... 43%  313M 0s
  3500K .......... .......... .......... .......... .......... 44%  308M 0s
  3550K .......... .......... .......... .......... .......... 45%  224M 0s
  3600K .......... .......... .......... .......... .......... 45%  328M 0s
  3650K .......... .......... .......... .......... .......... 46%  330M 0s
  3700K .......... .......... .......... .......... .......... 47%  332M 0s
  3750K .......... .......... .......... .......... .......... 47%  354M 0s
  3800K .......... .......... .......... .......... .......... 48%  338M 0s
  3850K .......... .......... .......... .......... .......... 48%  352M 0s
  3900K .......... .......... .......... .......... .......... 49%  326M 0s
  3950K .......... .......... .......... .......... .......... 50%  261M 0s
  4000K .......... .......... .......... .......... .......... 50%  314M 0s
  4050K .......... .......... .......... .......... .......... 51%  332M 0s
  4100K .......... .......... .......... .......... .......... 52%  333M 0s
  4150K .......... .......... .......... .......... .......... 52%  329M 0s
  4200K .......... .......... .......... .......... .......... 53%  305M 0s
  4250K .......... .......... .......... .......... .......... 53%  339M 0s
  4300K .......... .......... .......... .......... .......... 54%  331M 0s
  4350K .......... .......... .......... .......... .......... 55%  161M 0s
  4400K .......... .......... .......... .......... .......... 55% 94.9M 0s
  4450K .......... .......... .......... .......... .......... 56%  155M 0s
  4500K .......... .......... .......... .......... .......... 57% 98.5M 0s
  4550K .......... .......... .......... .......... .......... 57%  150M 0s
  4600K .......... .......... .......... .......... .......... 58%  104M 0s
  4650K .......... .......... .......... .......... .......... 58% 47.2M 0s
  4700K .......... .......... .......... .......... .......... 59% 82.4M 0s
  4750K .......... .......... .......... .......... .......... 60% 95.2M 0s
  4800K .......... .......... .......... .......... .......... 60%  105M 0s
  4850K .......... .......... .......... .......... .......... 61%  152M 0s
  4900K .......... .......... .......... .......... .......... 62%  104M 0s
  4950K .......... .......... .......... .......... .......... 62%  180M 0s
  5000K .......... .......... .......... .......... .......... 63% 94.8M 0s
  5050K .......... .......... .......... .......... .......... 63%  105M 0s
  5100K .......... .......... .......... .......... .......... 64%  153M 0s
  5150K .......... .......... .......... .......... .......... 65% 66.0M 0s
  5200K .......... .......... .......... .......... .......... 65%  165M 0s
  5250K .......... .......... .......... .......... .......... 66%  104M 0s
  5300K .......... .......... .......... .......... .......... 67% 44.5M 0s
  5350K .......... .......... .......... .......... .......... 67% 77.1M 0s
  5400K .......... .......... .......... .......... .......... 68%  142M 0s
  5450K .......... .......... .......... .......... .......... 69%  104M 0s
  5500K .......... .......... .......... .......... .......... 69%  163M 0s
  5550K .......... .......... .......... .......... .......... 70% 67.0M 0s
  5600K .......... .......... .......... .......... .......... 70%  157M 0s
  5650K .......... .......... .......... .......... .......... 71%  101M 0s
  5700K .......... .......... .......... .......... .......... 72%  144M 0s
  5750K .......... .......... .......... .......... .......... 72% 91.6M 0s
  5800K .......... .......... .......... .......... .......... 73%  105M 0s
  5850K .......... .......... .......... .......... .......... 74%  178M 0s
  5900K .......... .......... .......... .......... .......... 74%  104M 0s
  5950K .......... .......... .......... .......... .......... 75% 95.8M 0s
  6000K .......... .......... .......... .......... .......... 75% 47.0M 0s
  6050K .......... .......... .......... .......... .......... 76% 98.2M 0s
  6100K .......... .......... .......... .......... .......... 77%  181M 0s
  6150K .......... .......... .......... .......... .......... 77%  101M 0s
  6200K .......... .......... .......... .......... .......... 78% 98.5M 0s
  6250K .......... .......... .......... .......... .......... 79%  185M 0s
  6300K .......... .......... .......... .......... .......... 79% 82.0M 0s
  6350K .......... .......... .......... .......... .......... 80% 83.6M 0s
  6400K .......... .......... .......... .......... .......... 80% 86.6M 0s
  6450K .......... .......... .......... .......... .......... 81%  100M 0s
  6500K .......... .......... .......... .......... .......... 82%  174M 0s
  6550K .......... .......... .......... .......... .......... 82%  114M 0s
  6600K .......... .......... .......... .......... .......... 83%  128M 0s
  6650K .......... .......... .......... .......... .......... 84%  107M 0s
  6700K .......... .......... .......... .......... .......... 84% 50.4M 0s
  6750K .......... .......... .......... .......... .......... 85% 61.8M 0s
  6800K .......... .......... .......... .......... .......... 85%  179M 0s
  6850K .......... .......... .......... .......... .......... 86%  101M 0s
  6900K .......... .......... .......... .......... .......... 87%  150M 0s
  6950K .......... .......... .......... .......... .......... 87%  101M 0s
  7000K .......... .......... .......... .......... .......... 88% 97.4M 0s
  7050K .......... .......... .......... .......... .......... 89% 94.4M 0s
  7100K .......... .......... .......... .......... .......... 89%  147M 0s
  7150K .......... .......... .......... .......... .......... 90% 93.8M 0s
  7200K .......... .......... .......... .......... .......... 90% 92.2M 0s
  7250K .......... .......... .......... .......... .......... 91%  196M 0s
  7300K .......... .......... .......... .......... .......... 92%  105M 0s
  7350K .......... .......... .......... .......... .......... 92% 78.9M 0s
  7400K .......... .......... .......... .......... .......... 93% 48.3M 0s
  7450K .......... .......... .......... .......... .......... 94%  188M 0s
  7500K .......... .......... .......... .......... .......... 94%  101M 0s
  7550K .......... .......... .......... .......... .......... 95% 93.4M 0s
  7600K .......... .......... .......... .......... .......... 95%  109M 0s
  7650K .......... .......... .......... .......... .......... 96% 80.5M 0s
  7700K .......... .......... .......... .......... .......... 97%  105M 0s
  7750K .......... .......... .......... .......... .......... 97%  168M 0s
  7800K .......... .......... .......... .......... .......... 98%  110M 0s
  7850K .......... .......... .......... .......... .......... 99% 93.6M 0s
  7900K .......... .......... .......... .......... .......... 99%  159M 0s
  7950K .......... ..........                                 100% 52.8M=0.1s

2026-05-18 16:00:22 (75.6 MB/s) - ‘./binaries/vmlinux.mipsel’ saved [8161696/8161696]

--2026-05-18 16:00:22--  https://github.com/firmadyne/kernel-v2.6/releases/download/v1.1/vmlinux.mipseb
Resolving github.com (github.com)... 140.82.112.3
Connecting to github.com (github.com)|140.82.112.3|:443... connected.
HTTP request sent, awaiting response... 302 Found
Location: https://release-assets.githubusercontent.com/github-production-release-asset/51779291/6a334200-ec7e-11ea-9afb-09ae92db9545?sp=r&sv=2018-11-09&sr=b&spr=https&se=2026-05-18T20%3A52%3A20Z&rscd=attachment%3B+filename%3Dvmlinux.mipseb&rsct=application%2Foctet-stream&skoid=96c2d410-5711-43a1-aedd-ab1947aa7ab0&sktid=398a6654-997b-47e9-b12b-9515b896b4de&skt=2026-05-18T19%3A51%3A30Z&ske=2026-05-18T20%3A52%3A20Z&sks=b&skv=2018-11-09&sig=%2BWtt0JekuLKbWxNfrS9OrU2ou4V6nU1RbfQ8vq81%2B6U%3D&jwt=eyJ0eXAiOiJKV1QiLCJhbGciOiJIUzI1NiJ9.eyJpc3MiOiJnaXRodWIuY29tIiwiYXVkIjoicmVsZWFzZS1hc3NldHMuZ2l0aHVidXNlcmNvbnRlbnQuY29tIiwia2V5Ijoia2V5MSIsImV4cCI6MTc3OTEzNDcyMiwibmJmIjoxNzc5MTM0NDIyLCJwYXRoIjoicmVsZWFzZWFzc2V0cHJvZHVjdGlvbi5ibG9iLmNvcmUud2luZG93cy5uZXQifQ.shbZ7sjP5mXH8kUg1nGp5IH9_zqRxsq9u9JQx_an8i4&response-content-disposition=attachment%3B%20filename%3Dvmlinux.mipseb&response-content-type=application%2Foctet-stream [following]
--2026-05-18 16:00:22--  https://release-assets.githubusercontent.com/github-production-release-asset/51779291/6a334200-ec7e-11ea-9afb-09ae92db9545?sp=r&sv=2018-11-09&sr=b&spr=https&se=2026-05-18T20%3A52%3A20Z&rscd=attachment%3B+filename%3Dvmlinux.mipseb&rsct=application%2Foctet-stream&skoid=96c2d410-5711-43a1-aedd-ab1947aa7ab0&sktid=398a6654-997b-47e9-b12b-9515b896b4de&skt=2026-05-18T19%3A51%3A30Z&ske=2026-05-18T20%3A52%3A20Z&sks=b&skv=2018-11-09&sig=%2BWtt0JekuLKbWxNfrS9OrU2ou4V6nU1RbfQ8vq81%2B6U%3D&jwt=eyJ0eXAiOiJKV1QiLCJhbGciOiJIUzI1NiJ9.eyJpc3MiOiJnaXRodWIuY29tIiwiYXVkIjoicmVsZWFzZS1hc3NldHMuZ2l0aHVidXNlcmNvbnRlbnQuY29tIiwia2V5Ijoia2V5MSIsImV4cCI6MTc3OTEzNDcyMiwibmJmIjoxNzc5MTM0NDIyLCJwYXRoIjoicmVsZWFzZWFzc2V0cHJvZHVjdGlvbi5ibG9iLmNvcmUud2luZG93cy5uZXQifQ.shbZ7sjP5mXH8kUg1nGp5IH9_zqRxsq9u9JQx_an8i4&response-content-disposition=attachment%3B%20filename%3Dvmlinux.mipseb&response-content-type=application%2Foctet-stream
Resolving release-assets.githubusercontent.com (release-assets.githubusercontent.com)... 185.199.109.133, 185.199.110.133, 185.199.111.133, ...
Connecting to release-assets.githubusercontent.com (release-assets.githubusercontent.com)|185.199.109.133|:443... connected.
HTTP request sent, awaiting response... 200 OK
Length: 8269480 (7.9M) [application/octet-stream]
Saving to: ‘./binaries/vmlinux.mipseb’

     0K .......... .......... .......... .......... ..........  0% 7.24M 1s
    50K .......... .......... .......... .......... ..........  1% 8.20M 1s
   100K .......... .......... .......... .......... ..........  1% 88.7M 1s
   150K .......... .......... .......... .......... ..........  2% 29.1M 1s
   200K .......... .......... .......... .......... ..........  3% 15.1M 1s
   250K .......... .......... .......... .......... ..........  3% 52.1M 0s
   300K .......... .......... .......... .......... ..........  4% 56.8M 0s
   350K .......... .......... .......... .......... ..........  4% 34.8M 0s
   400K .......... .......... .......... .......... ..........  5%  196M 0s
   450K .......... .......... .......... .......... ..........  6%  114M 0s
   500K .......... .......... .......... .......... ..........  6% 18.8M 0s
   550K .......... .......... .......... .......... ..........  7% 79.2M 0s
   600K .......... .......... .......... .......... ..........  8% 87.9M 0s
   650K .......... .......... .......... .......... ..........  8%  115M 0s
   700K .......... .......... .......... .......... ..........  9%  164M 0s
   750K .......... .......... .......... .......... ..........  9% 98.4M 0s
   800K .......... .......... .......... .......... .......... 10% 93.9M 0s
   850K .......... .......... .......... .......... .......... 11%  104M 0s
   900K .......... .......... .......... .......... .......... 11% 96.9M 0s
   950K .......... .......... .......... .......... .......... 12%  178M 0s
  1000K .......... .......... .......... .......... .......... 13% 88.0M 0s
  1050K .......... .......... .......... .......... .......... 13% 29.9M 0s
  1100K .......... .......... .......... .......... .......... 14%  117M 0s
  1150K .......... .......... .......... .......... .......... 14% 99.3M 0s
  1200K .......... .......... .......... .......... .......... 15%  106M 0s
  1250K .......... .......... .......... .......... .......... 16%  142M 0s
  1300K .......... .......... .......... .......... .......... 16% 99.1M 0s
  1350K .......... .......... .......... .......... .......... 17%  155M 0s
  1400K .......... .......... .......... .......... .......... 17% 5.77M 0s
  1450K .......... .......... .......... .......... .......... 18%  187M 0s
  1500K .......... .......... .......... .......... .......... 19%  226M 0s
  1550K .......... .......... .......... .......... .......... 19%  206M 0s
  1600K .......... .......... .......... .......... .......... 20%  245M 0s
  1650K .......... .......... .......... .......... .......... 21%  269M 0s
  1700K .......... .......... .......... .......... .......... 21%  247M 0s
  1750K .......... .......... .......... .......... .......... 22%  237M 0s
  1800K .......... .......... .......... .......... .......... 22%  281M 0s
  1850K .......... .......... .......... .......... .......... 23%  251M 0s
  1900K .......... .......... .......... .......... .......... 24% 3.42M 0s
  1950K .......... .......... .......... .......... .......... 24%  200M 0s
  2000K .......... .......... .......... .......... .......... 25%  261M 0s
  2050K .......... .......... .......... .......... .......... 26%  274M 0s
  2100K .......... .......... .......... .......... .......... 26%  291M 0s
  2150K .......... .......... .......... .......... .......... 27%  280M 0s
  2200K .......... .......... .......... .......... .......... 27%  261M 0s
  2250K .......... .......... .......... .......... .......... 28%  178M 0s
  2300K .......... .......... .......... .......... .......... 29%  231M 0s
  2350K .......... .......... .......... .......... .......... 29%  215M 0s
  2400K .......... .......... .......... .......... .......... 30%  287M 0s
  2450K .......... .......... .......... .......... .......... 30%  276M 0s
  2500K .......... .......... .......... .......... .......... 31%  258M 0s
  2550K .......... .......... .......... .......... .......... 32%  286M 0s
  2600K .......... .......... .......... .......... .......... 32%  292M 0s
  2650K .......... .......... .......... .......... .......... 33%  282M 0s
  2700K .......... .......... .......... .......... .......... 34%  282M 0s
  2750K .......... .......... .......... .......... .......... 34%  213M 0s
  2800K .......... .......... .......... .......... .......... 35%  238M 0s
  2850K .......... .......... .......... .......... .......... 35%  288M 0s
  2900K .......... .......... .......... .......... .......... 36%  292M 0s
  2950K .......... .......... .......... .......... .......... 37%  291M 0s
  3000K .......... .......... .......... .......... .......... 37%  288M 0s
  3050K .......... .......... .......... .......... .......... 38%  268M 0s
  3100K .......... .......... .......... .......... .......... 39%  293M 0s
  3150K .......... .......... .......... .......... .......... 39%  221M 0s
  3200K .......... .......... .......... .......... .......... 40%  297M 0s
  3250K .......... .......... .......... .......... .......... 40%  287M 0s
  3300K .......... .......... .......... .......... .......... 41%  287M 0s
  3350K .......... .......... .......... .......... .......... 42%  271M 0s
  3400K .......... .......... .......... .......... .......... 42%  291M 0s
  3450K .......... .......... .......... .......... .......... 43%  295M 0s
  3500K .......... .......... .......... .......... .......... 43%  296M 0s
  3550K .......... .......... .......... .......... .......... 44%  221M 0s
  3600K .......... .......... .......... .......... .......... 45%  284M 0s
  3650K .......... .......... .......... .......... .......... 45%  298M 0s
  3700K .......... .......... .......... .......... .......... 46%  288M 0s
  3750K .......... .......... .......... .......... .......... 47%  298M 0s
  3800K .......... .......... .......... .......... .......... 47%  295M 0s
  3850K .......... .......... .......... .......... .......... 48%  290M 0s
  3900K .......... .......... .......... .......... .......... 48%  284M 0s
  3950K .......... .......... .......... .......... .......... 49%  220M 0s
  4000K .......... .......... .......... .......... .......... 50%  289M 0s
  4050K .......... .......... .......... .......... .......... 50%  296M 0s
  4100K .......... .......... .......... .......... .......... 51%  292M 0s
  4150K .......... .......... .......... .......... .......... 52%  293M 0s
  4200K .......... .......... .......... .......... .......... 52%  253M 0s
  4250K .......... .......... .......... .......... .......... 53%  292M 0s
  4300K .......... .......... .......... .......... .......... 53%  299M 0s
  4350K .......... .......... .......... .......... .......... 54%  200M 0s
  4400K .......... .......... .......... .......... .......... 55%  292M 0s
  4450K .......... .......... .......... .......... .......... 55%  281M 0s
  4500K .......... .......... .......... .......... .......... 56%  328M 0s
  4550K .......... .......... .......... .......... .......... 56%  340M 0s
  4600K .......... .......... .......... .......... .......... 57%  304M 0s
  4650K .......... .......... .......... .......... .......... 58%  306M 0s
  4700K .......... .......... .......... .......... .......... 58%  301M 0s
  4750K .......... .......... .......... .......... .......... 59%  221M 0s
  4800K .......... .......... .......... .......... .......... 60%  261M 0s
  4850K .......... .......... .......... .......... .......... 60%  280M 0s
  4900K .......... .......... .......... .......... .......... 61%  286M 0s
  4950K .......... .......... .......... .......... .......... 61%  304M 0s
  5000K .......... .......... .......... .......... .......... 62%  229M 0s
  5050K .......... .......... .......... .......... .......... 63% 75.1M 0s
  5100K .......... .......... .......... .......... .......... 63% 6.96M 0s
  5150K .......... .......... .......... .......... .......... 64%  200M 0s
  5200K .......... .......... .......... .......... .......... 65%  259M 0s
  5250K .......... .......... .......... .......... .......... 65% 56.6M 0s
  5300K .......... .......... .......... .......... .......... 66%  240M 0s
  5350K .......... .......... .......... .......... .......... 66%  269M 0s
  5400K .......... .......... .......... .......... .......... 67%  292M 0s
  5450K .......... .......... .......... .......... .......... 68%  292M 0s
  5500K .......... .......... .......... .......... .......... 68%  296M 0s
  5550K .......... .......... .......... .......... .......... 69%  218M 0s
  5600K .......... .......... .......... .......... .......... 69%  291M 0s
  5650K .......... .......... .......... .......... .......... 70%  292M 0s
  5700K .......... .......... .......... .......... .......... 71%  296M 0s
  5750K .......... .......... .......... .......... .......... 71%  294M 0s
  5800K .......... .......... .......... .......... .......... 72%  252M 0s
  5850K .......... .......... .......... .......... .......... 73%  289M 0s
  5900K .......... .......... .......... .......... .......... 73%  292M 0s
  5950K .......... .......... .......... .......... .......... 74%  223M 0s
  6000K .......... .......... .......... .......... .......... 74%  293M 0s
  6050K .......... .......... .......... .......... .......... 75% 68.7M 0s
  6100K .......... .......... .......... .......... .......... 76%  112M 0s
  6150K .......... .......... .......... .......... .......... 76%  112M 0s
  6200K .......... .......... .......... .......... .......... 77%  204M 0s
  6250K .......... .......... .......... .......... .......... 78%  102M 0s
  6300K .......... .......... .......... .......... .......... 78%  105M 0s
  6350K .......... .......... .......... .......... .......... 79% 36.2M 0s
  6400K .......... .......... .......... .......... .......... 79%  171M 0s
  6450K .......... .......... .......... .......... .......... 80% 41.0M 0s
  6500K .......... .......... .......... .......... .......... 81% 46.6M 0s
  6550K .......... .......... .......... .......... .......... 81% 92.6M 0s
  6600K .......... .......... .......... .......... .......... 82%  156M 0s
  6650K .......... .......... .......... .......... .......... 82% 98.2M 0s
  6700K .......... .......... .......... .......... .......... 83%  106M 0s
  6750K .......... .......... .......... .......... .......... 84%  161M 0s
  6800K .......... .......... .......... .......... .......... 84% 61.0M 0s
  6850K .......... .......... .......... .......... .......... 85% 52.5M 0s
  6900K .......... .......... .......... .......... .......... 86% 84.0M 0s
  6950K .......... .......... .......... .......... .......... 86% 50.7M 0s
  7000K .......... .......... .......... .......... .......... 87% 46.9M 0s
  7050K .......... .......... .......... .......... .......... 87%  106M 0s
  7100K .......... .......... .......... .......... .......... 88%  126M 0s
  7150K .......... .......... .......... .......... .......... 89%  124M 0s
  7200K .......... .......... .......... .......... .......... 89% 84.7M 0s
  7250K .......... .......... .......... .......... .......... 90% 84.6M 0s
  7300K .......... .......... .......... .......... .......... 91% 76.6M 0s
  7350K .......... .......... .......... .......... .......... 91% 50.3M 0s
  7400K .......... .......... .......... .......... .......... 92%  127M 0s
  7450K .......... .......... .......... .......... .......... 92% 43.2M 0s
  7500K .......... .......... .......... .......... .......... 93% 46.2M 0s
  7550K .......... .......... .......... .......... .......... 94%  136M 0s
  7600K .......... .......... .......... .......... .......... 94% 97.7M 0s
  7650K .......... .......... .......... .......... .......... 95%  107M 0s
  7700K .......... .......... .......... .......... .......... 95% 84.7M 0s
  7750K .......... .......... .......... .......... .......... 96% 84.9M 0s
  7800K .......... .......... .......... .......... .......... 97% 76.2M 0s
  7850K .......... .......... .......... .......... .......... 97% 59.0M 0s
  7900K .......... .......... .......... .......... .......... 98%  113M 0s
  7950K .......... .......... .......... .......... .......... 99% 33.0M 0s
  8000K .......... .......... .......... .......... .......... 99% 56.5M 0s
  8050K .......... .......... .....                           100%  371M=0.1s

2026-05-18 16:00:23 (73.4 MB/s) - ‘./binaries/vmlinux.mipseb’ saved [8269480/8269480]

Downloading kernel 4.1 (ARM)...
--2026-05-18 16:00:23--  https://github.com/firmadyne/kernel-v4.1/releases/download/v1.1/zImage.armel
Resolving github.com (github.com)... 140.82.112.3
Connecting to github.com (github.com)|140.82.112.3|:443... connected.
HTTP request sent, awaiting response... 302 Found
Location: https://release-assets.githubusercontent.com/github-production-release-asset/51779330/b46b4a00-9883-11eb-9d14-747d6720b73c?sp=r&sv=2018-11-09&sr=b&spr=https&se=2026-05-18T20%3A52%3A28Z&rscd=attachment%3B+filename%3DzImage.armel&rsct=application%2Foctet-stream&skoid=96c2d410-5711-43a1-aedd-ab1947aa7ab0&sktid=398a6654-997b-47e9-b12b-9515b896b4de&skt=2026-05-18T19%3A51%3A51Z&ske=2026-05-18T20%3A52%3A28Z&sks=b&skv=2018-11-09&sig=%2BGiYJdB4frSVoeC0YYnRuofuQMaHJbfhaY84cK5AzIM%3D&jwt=eyJ0eXAiOiJKV1QiLCJhbGciOiJIUzI1NiJ9.eyJpc3MiOiJnaXRodWIuY29tIiwiYXVkIjoicmVsZWFzZS1hc3NldHMuZ2l0aHVidXNlcmNvbnRlbnQuY29tIiwia2V5Ijoia2V5MSIsImV4cCI6MTc3OTEzNDcyMywibmJmIjoxNzc5MTM0NDIzLCJwYXRoIjoicmVsZWFzZWFzc2V0cHJvZHVjdGlvbi5ibG9iLmNvcmUud2luZG93cy5uZXQifQ.aIiRLqV683dg9qPrOopWKSGWlxtrWB_o4HdfwlT3ajk&response-content-disposition=attachment%3B%20filename%3DzImage.armel&response-content-type=application%2Foctet-stream [following]
--2026-05-18 16:00:23--  https://release-assets.githubusercontent.com/github-production-release-asset/51779330/b46b4a00-9883-11eb-9d14-747d6720b73c?sp=r&sv=2018-11-09&sr=b&spr=https&se=2026-05-18T20%3A52%3A28Z&rscd=attachment%3B+filename%3DzImage.armel&rsct=application%2Foctet-stream&skoid=96c2d410-5711-43a1-aedd-ab1947aa7ab0&sktid=398a6654-997b-47e9-b12b-9515b896b4de&skt=2026-05-18T19%3A51%3A51Z&ske=2026-05-18T20%3A52%3A28Z&sks=b&skv=2018-11-09&sig=%2BGiYJdB4frSVoeC0YYnRuofuQMaHJbfhaY84cK5AzIM%3D&jwt=eyJ0eXAiOiJKV1QiLCJhbGciOiJIUzI1NiJ9.eyJpc3MiOiJnaXRodWIuY29tIiwiYXVkIjoicmVsZWFzZS1hc3NldHMuZ2l0aHVidXNlcmNvbnRlbnQuY29tIiwia2V5Ijoia2V5MSIsImV4cCI6MTc3OTEzNDcyMywibmJmIjoxNzc5MTM0NDIzLCJwYXRoIjoicmVsZWFzZWFzc2V0cHJvZHVjdGlvbi5ibG9iLmNvcmUud2luZG93cy5uZXQifQ.aIiRLqV683dg9qPrOopWKSGWlxtrWB_o4HdfwlT3ajk&response-content-disposition=attachment%3B%20filename%3DzImage.armel&response-content-type=application%2Foctet-stream
Resolving release-assets.githubusercontent.com (release-assets.githubusercontent.com)... 185.199.108.133, 185.199.109.133, 185.199.111.133, ...
Connecting to release-assets.githubusercontent.com (release-assets.githubusercontent.com)|185.199.108.133|:443... connected.
HTTP request sent, awaiting response... 200 OK
Length: 3261512 (3.1M) [application/octet-stream]
Saving to: ‘./binaries/zImage.armel’

     0K .......... .......... .......... .......... ..........  1% 7.99M 0s
    50K .......... .......... .......... .......... ..........  3% 7.83M 0s
   100K .......... .......... .......... .......... ..........  4% 53.4M 0s
   150K .......... .......... .......... .......... ..........  6% 33.3M 0s
   200K .......... .......... .......... .......... ..........  7% 14.7M 0s
   250K .......... .......... .......... .......... ..........  9% 56.5M 0s
   300K .......... .......... .......... .......... .......... 10% 87.3M 0s
   350K .......... .......... .......... .......... .......... 12% 48.6M 0s
   400K .......... .......... .......... .......... .......... 14% 16.2M 0s
   450K .......... .......... .......... .......... .......... 15% 40.8M 0s
   500K .......... .......... .......... .......... .......... 17%  149M 0s
   550K .......... .......... .......... .......... .......... 18%  110M 0s
   600K .......... .......... .......... .......... .......... 20% 95.9M 0s
   650K .......... .......... .......... .......... .......... 21%  159M 0s
   700K .......... .......... .......... .......... .......... 23%  113M 0s
   750K .......... .......... .......... .......... .......... 25% 85.4M 0s
   800K .......... .......... .......... .......... .......... 26%  131M 0s
   850K .......... .......... .......... .......... .......... 28% 25.1M 0s
   900K .......... .......... .......... .......... .......... 29%  100M 0s
   950K .......... .......... .......... .......... .......... 31% 79.7M 0s
  1000K .......... .......... .......... .......... .......... 32%  114M 0s
  1050K .......... .......... .......... .......... .......... 34% 98.3M 0s
  1100K .......... .......... .......... .......... .......... 36% 94.3M 0s
  1150K .......... .......... .......... .......... .......... 37% 97.7M 0s
  1200K .......... .......... .......... .......... .......... 39%  175M 0s
  1250K .......... .......... .......... .......... .......... 40% 5.91M 0s
  1300K .......... .......... .......... .......... .......... 42%  274M 0s
  1350K .......... .......... .......... .......... .......... 43% 3.60M 0s
  1400K .......... .......... .......... .......... .......... 45%  259M 0s
  1450K .......... .......... .......... .......... .......... 47%  301M 0s
  1500K .......... .......... .......... .......... .......... 48%  299M 0s
  1550K .......... .......... .......... .......... .......... 50%  220M 0s
  1600K .......... .......... .......... .......... .......... 51%  289M 0s
  1650K .......... .......... .......... .......... .......... 53%  245M 0s
  1700K .......... .......... .......... .......... .......... 54%  286M 0s
  1750K .......... .......... .......... .......... .......... 56%  284M 0s
  1800K .......... .......... .......... .......... .......... 58%  296M 0s
  1850K .......... .......... .......... .......... .......... 59%  293M 0s
  1900K .......... .......... .......... .......... .......... 61%  293M 0s
  1950K .......... .......... .......... .......... .......... 62%  219M 0s
  2000K .......... .......... .......... .......... .......... 64%  287M 0s
  2050K .......... .......... .......... .......... .......... 65%  279M 0s
  2100K .......... .......... .......... .......... .......... 67%  310M 0s
  2150K .......... .......... .......... .......... .......... 69%  313M 0s
  2200K .......... .......... .......... .......... .......... 70%  283M 0s
  2250K .......... .......... .......... .......... .......... 72%  297M 0s
  2300K .......... .......... .......... .......... .......... 73%  288M 0s
  2350K .......... .......... .......... .......... .......... 75%  219M 0s
  2400K .......... .......... .......... .......... .......... 76%  286M 0s
  2450K .......... .......... .......... .......... .......... 78%  297M 0s
  2500K .......... .......... .......... .......... .......... 80%  298M 0s
  2550K .......... .......... .......... .......... .......... 81%  291M 0s
  2600K .......... .......... .......... .......... .......... 83%  296M 0s
  2650K .......... .......... .......... .......... .......... 84%  268M 0s
  2700K .......... .......... .......... .......... .......... 86%  295M 0s
  2750K .......... .......... .......... .......... .......... 87%  225M 0s
  2800K .......... .......... .......... .......... .......... 89%  295M 0s
  2850K .......... .......... .......... .......... .......... 91%  298M 0s
  2900K .......... .......... .......... .......... .......... 92%  282M 0s
  2950K .......... .......... .......... .......... .......... 94%  288M 0s
  3000K .......... .......... .......... .......... .......... 95%  300M 0s
  3050K .......... .......... .......... .......... .......... 97%  290M 0s
  3100K .......... .......... .......... .......... .......... 98%  292M 0s
  3150K .......... .......... .......... .....                100%  220M=0.06s

2026-05-18 16:00:23 (50.8 MB/s) - ‘./binaries/zImage.armel’ saved [3261512/3261512]

Downloading console...
--2026-05-18 16:00:23--  https://github.com/firmadyne/console/releases/download/v1.0/console.armel
Resolving github.com (github.com)... 140.82.112.3
Connecting to github.com (github.com)|140.82.112.3|:443... connected.
HTTP request sent, awaiting response... 302 Found
Location: https://release-assets.githubusercontent.com/github-production-release-asset/50010994/3e2f03fa-d979-11e5-8825-1202ba3c0c71?sp=r&sv=2018-11-09&sr=b&spr=https&se=2026-05-18T20%3A55%3A02Z&rscd=attachment%3B+filename%3Dconsole.armel&rsct=application%2Foctet-stream&skoid=96c2d410-5711-43a1-aedd-ab1947aa7ab0&sktid=398a6654-997b-47e9-b12b-9515b896b4de&skt=2026-05-18T19%3A54%3A17Z&ske=2026-05-18T20%3A55%3A02Z&sks=b&skv=2018-11-09&sig=M1D8KTDhdY0y3OOZ%2B41pJXumwVy%2F00%2F1TixLHfqKaFc%3D&jwt=eyJ0eXAiOiJKV1QiLCJhbGciOiJIUzI1NiJ9.eyJpc3MiOiJnaXRodWIuY29tIiwiYXVkIjoicmVsZWFzZS1hc3NldHMuZ2l0aHVidXNlcmNvbnRlbnQuY29tIiwia2V5Ijoia2V5MSIsImV4cCI6MTc3OTEzNDcyMywibmJmIjoxNzc5MTM0NDIzLCJwYXRoIjoicmVsZWFzZWFzc2V0cHJvZHVjdGlvbi5ibG9iLmNvcmUud2luZG93cy5uZXQifQ.aIiRLqV683dg9qPrOopWKSGWlxtrWB_o4HdfwlT3ajk&response-content-disposition=attachment%3B%20filename%3Dconsole.armel&response-content-type=application%2Foctet-stream [following]
--2026-05-18 16:00:23--  https://release-assets.githubusercontent.com/github-production-release-asset/50010994/3e2f03fa-d979-11e5-8825-1202ba3c0c71?sp=r&sv=2018-11-09&sr=b&spr=https&se=2026-05-18T20%3A55%3A02Z&rscd=attachment%3B+filename%3Dconsole.armel&rsct=application%2Foctet-stream&skoid=96c2d410-5711-43a1-aedd-ab1947aa7ab0&sktid=398a6654-997b-47e9-b12b-9515b896b4de&skt=2026-05-18T19%3A54%3A17Z&ske=2026-05-18T20%3A55%3A02Z&sks=b&skv=2018-11-09&sig=M1D8KTDhdY0y3OOZ%2B41pJXumwVy%2F00%2F1TixLHfqKaFc%3D&jwt=eyJ0eXAiOiJKV1QiLCJhbGciOiJIUzI1NiJ9.eyJpc3MiOiJnaXRodWIuY29tIiwiYXVkIjoicmVsZWFzZS1hc3NldHMuZ2l0aHVidXNlcmNvbnRlbnQuY29tIiwia2V5Ijoia2V5MSIsImV4cCI6MTc3OTEzNDcyMywibmJmIjoxNzc5MTM0NDIzLCJwYXRoIjoicmVsZWFzZWFzc2V0cHJvZHVjdGlvbi5ibG9iLmNvcmUud2luZG93cy5uZXQifQ.aIiRLqV683dg9qPrOopWKSGWlxtrWB_o4HdfwlT3ajk&response-content-disposition=attachment%3B%20filename%3Dconsole.armel&response-content-type=application%2Foctet-stream
Resolving release-assets.githubusercontent.com (release-assets.githubusercontent.com)... 185.199.108.133, 185.199.110.133, 185.199.111.133, ...
Connecting to release-assets.githubusercontent.com (release-assets.githubusercontent.com)|185.199.108.133|:443... connected.
HTTP request sent, awaiting response... 200 OK
Length: 131304 (128K) [application/octet-stream]
Saving to: ‘./binaries/console.armel’

     0K .......... .......... .......... .......... .......... 38% 7.89M 0s
    50K .......... .......... .......... .......... .......... 77% 8.27M 0s
   100K .......... .......... ........                        100%  146M=0.01s

2026-05-18 16:00:23 (10.2 MB/s) - ‘./binaries/console.armel’ saved [131304/131304]

--2026-05-18 16:00:23--  https://github.com/firmadyne/console/releases/download/v1.0/console.mipseb
Resolving github.com (github.com)... 140.82.112.3
Connecting to github.com (github.com)|140.82.112.3|:443... connected.
HTTP request sent, awaiting response... 302 Found
Location: https://release-assets.githubusercontent.com/github-production-release-asset/50010994/3e47d132-d979-11e5-9cf5-23ee2242da1d?sp=r&sv=2018-11-09&sr=b&spr=https&se=2026-05-18T20%3A53%3A48Z&rscd=attachment%3B+filename%3Dconsole.mipseb&rsct=application%2Foctet-stream&skoid=96c2d410-5711-43a1-aedd-ab1947aa7ab0&sktid=398a6654-997b-47e9-b12b-9515b896b4de&skt=2026-05-18T19%3A53%3A42Z&ske=2026-05-18T20%3A53%3A48Z&sks=b&skv=2018-11-09&sig=h43XnszdkDYnTeXOK99b%2FkBENZEslGpAxeV5lrFPjGA%3D&jwt=eyJ0eXAiOiJKV1QiLCJhbGciOiJIUzI1NiJ9.eyJpc3MiOiJnaXRodWIuY29tIiwiYXVkIjoicmVsZWFzZS1hc3NldHMuZ2l0aHVidXNlcmNvbnRlbnQuY29tIiwia2V5Ijoia2V5MSIsImV4cCI6MTc3OTEzNDcyNCwibmJmIjoxNzc5MTM0NDI0LCJwYXRoIjoicmVsZWFzZWFzc2V0cHJvZHVjdGlvbi5ibG9iLmNvcmUud2luZG93cy5uZXQifQ.H-DfkdEW-9G7fzGWXiR8n75A60HuGafamrds3C-SIKk&response-content-disposition=attachment%3B%20filename%3Dconsole.mipseb&response-content-type=application%2Foctet-stream [following]
--2026-05-18 16:00:24--  https://release-assets.githubusercontent.com/github-production-release-asset/50010994/3e47d132-d979-11e5-9cf5-23ee2242da1d?sp=r&sv=2018-11-09&sr=b&spr=https&se=2026-05-18T20%3A53%3A48Z&rscd=attachment%3B+filename%3Dconsole.mipseb&rsct=application%2Foctet-stream&skoid=96c2d410-5711-43a1-aedd-ab1947aa7ab0&sktid=398a6654-997b-47e9-b12b-9515b896b4de&skt=2026-05-18T19%3A53%3A42Z&ske=2026-05-18T20%3A53%3A48Z&sks=b&skv=2018-11-09&sig=h43XnszdkDYnTeXOK99b%2FkBENZEslGpAxeV5lrFPjGA%3D&jwt=eyJ0eXAiOiJKV1QiLCJhbGciOiJIUzI1NiJ9.eyJpc3MiOiJnaXRodWIuY29tIiwiYXVkIjoicmVsZWFzZS1hc3NldHMuZ2l0aHVidXNlcmNvbnRlbnQuY29tIiwia2V5Ijoia2V5MSIsImV4cCI6MTc3OTEzNDcyNCwibmJmIjoxNzc5MTM0NDI0LCJwYXRoIjoicmVsZWFzZWFzc2V0cHJvZHVjdGlvbi5ibG9iLmNvcmUud2luZG93cy5uZXQifQ.H-DfkdEW-9G7fzGWXiR8n75A60HuGafamrds3C-SIKk&response-content-disposition=attachment%3B%20filename%3Dconsole.mipseb&response-content-type=application%2Foctet-stream
Resolving release-assets.githubusercontent.com (release-assets.githubusercontent.com)... 185.199.108.133, 185.199.111.133, 185.199.109.133, ...
Connecting to release-assets.githubusercontent.com (release-assets.githubusercontent.com)|185.199.108.133|:443... connected.
HTTP request sent, awaiting response... 200 OK
Length: 130720 (128K) [application/octet-stream]
Saving to: ‘./binaries/console.mipseb’

     0K .......... .......... .......... .......... .......... 39% 6.72M 0s
    50K .......... .......... .......... .......... .......... 78% 8.01M 0s
   100K .......... .......... .......                         100% 54.8M=0.01s

2026-05-18 16:00:24 (9.00 MB/s) - ‘./binaries/console.mipseb’ saved [130720/130720]

--2026-05-18 16:00:24--  https://github.com/firmadyne/console/releases/download/v1.0/console.mipsel
Resolving github.com (github.com)... 140.82.112.3
Connecting to github.com (github.com)|140.82.112.3|:443... connected.
HTTP request sent, awaiting response... 302 Found
Location: https://release-assets.githubusercontent.com/github-production-release-asset/50010994/3e64b9aa-d979-11e5-83d1-71ee170f6bad?sp=r&sv=2018-11-09&sr=b&spr=https&se=2026-05-18T20%3A54%3A51Z&rscd=attachment%3B+filename%3Dconsole.mipsel&rsct=application%2Foctet-stream&skoid=96c2d410-5711-43a1-aedd-ab1947aa7ab0&sktid=398a6654-997b-47e9-b12b-9515b896b4de&skt=2026-05-18T19%3A53%3A56Z&ske=2026-05-18T20%3A54%3A51Z&sks=b&skv=2018-11-09&sig=yXfZt%2F9UwoqKRnf4qbIVSk1iTk%2FES8svw1LI5rx1azY%3D&jwt=eyJ0eXAiOiJKV1QiLCJhbGciOiJIUzI1NiJ9.eyJpc3MiOiJnaXRodWIuY29tIiwiYXVkIjoicmVsZWFzZS1hc3NldHMuZ2l0aHVidXNlcmNvbnRlbnQuY29tIiwia2V5Ijoia2V5MSIsImV4cCI6MTc3OTEzNDcyNCwibmJmIjoxNzc5MTM0NDI0LCJwYXRoIjoicmVsZWFzZWFzc2V0cHJvZHVjdGlvbi5ibG9iLmNvcmUud2luZG93cy5uZXQifQ.H-DfkdEW-9G7fzGWXiR8n75A60HuGafamrds3C-SIKk&response-content-disposition=attachment%3B%20filename%3Dconsole.mipsel&response-content-type=application%2Foctet-stream [following]
--2026-05-18 16:00:24--  https://release-assets.githubusercontent.com/github-production-release-asset/50010994/3e64b9aa-d979-11e5-83d1-71ee170f6bad?sp=r&sv=2018-11-09&sr=b&spr=https&se=2026-05-18T20%3A54%3A51Z&rscd=attachment%3B+filename%3Dconsole.mipsel&rsct=application%2Foctet-stream&skoid=96c2d410-5711-43a1-aedd-ab1947aa7ab0&sktid=398a6654-997b-47e9-b12b-9515b896b4de&skt=2026-05-18T19%3A53%3A56Z&ske=2026-05-18T20%3A54%3A51Z&sks=b&skv=2018-11-09&sig=yXfZt%2F9UwoqKRnf4qbIVSk1iTk%2FES8svw1LI5rx1azY%3D&jwt=eyJ0eXAiOiJKV1QiLCJhbGciOiJIUzI1NiJ9.eyJpc3MiOiJnaXRodWIuY29tIiwiYXVkIjoicmVsZWFzZS1hc3NldHMuZ2l0aHVidXNlcmNvbnRlbnQuY29tIiwia2V5Ijoia2V5MSIsImV4cCI6MTc3OTEzNDcyNCwibmJmIjoxNzc5MTM0NDI0LCJwYXRoIjoicmVsZWFzZWFzc2V0cHJvZHVjdGlvbi5ibG9iLmNvcmUud2luZG93cy5uZXQifQ.H-DfkdEW-9G7fzGWXiR8n75A60HuGafamrds3C-SIKk&response-content-disposition=attachment%3B%20filename%3Dconsole.mipsel&response-content-type=application%2Foctet-stream
Resolving release-assets.githubusercontent.com (release-assets.githubusercontent.com)... 185.199.111.133, 185.199.109.133, 185.199.110.133, ...
Connecting to release-assets.githubusercontent.com (release-assets.githubusercontent.com)|185.199.111.133|:443... connected.
HTTP request sent, awaiting response... 200 OK
Length: 129824 (127K) [application/octet-stream]
Saving to: ‘./binaries/console.mipsel’

     0K .......... .......... .......... .......... .......... 39% 7.87M 0s
    50K .......... .......... .......... .......... .......... 78% 8.23M 0s
   100K .......... .......... ......                          100% 72.5M=0.01s

2026-05-18 16:00:24 (9.90 MB/s) - ‘./binaries/console.mipsel’ saved [129824/129824]

Downloading libnvram...
--2026-05-18 16:00:24--  https://github.com/firmadyne/libnvram/releases/download/v1.0c/libnvram.so.armel
Resolving github.com (github.com)... 140.82.112.3
Connecting to github.com (github.com)|140.82.112.3|:443... connected.
HTTP request sent, awaiting response... 302 Found
Location: https://release-assets.githubusercontent.com/github-production-release-asset/50010745/9db64cba-966f-11e8-8605-3389f3711b8b?sp=r&sv=2018-11-09&sr=b&spr=https&se=2026-05-18T20%3A51%3A40Z&rscd=attachment%3B+filename%3Dlibnvram.so.armel&rsct=application%2Foctet-stream&skoid=96c2d410-5711-43a1-aedd-ab1947aa7ab0&sktid=398a6654-997b-47e9-b12b-9515b896b4de&skt=2026-05-18T19%3A51%3A36Z&ske=2026-05-18T20%3A51%3A40Z&sks=b&skv=2018-11-09&sig=mxDKVyemZFNEJsY%2FhtDu8XK4yRuN8pDSw3EoOTnvzdI%3D&jwt=eyJ0eXAiOiJKV1QiLCJhbGciOiJIUzI1NiJ9.eyJpc3MiOiJnaXRodWIuY29tIiwiYXVkIjoicmVsZWFzZS1hc3NldHMuZ2l0aHVidXNlcmNvbnRlbnQuY29tIiwia2V5Ijoia2V5MSIsImV4cCI6MTc3OTEzNDcyNCwibmJmIjoxNzc5MTM0NDI0LCJwYXRoIjoicmVsZWFzZWFzc2V0cHJvZHVjdGlvbi5ibG9iLmNvcmUud2luZG93cy5uZXQifQ.H-DfkdEW-9G7fzGWXiR8n75A60HuGafamrds3C-SIKk&response-content-disposition=attachment%3B%20filename%3Dlibnvram.so.armel&response-content-type=application%2Foctet-stream [following]
--2026-05-18 16:00:24--  https://release-assets.githubusercontent.com/github-production-release-asset/50010745/9db64cba-966f-11e8-8605-3389f3711b8b?sp=r&sv=2018-11-09&sr=b&spr=https&se=2026-05-18T20%3A51%3A40Z&rscd=attachment%3B+filename%3Dlibnvram.so.armel&rsct=application%2Foctet-stream&skoid=96c2d410-5711-43a1-aedd-ab1947aa7ab0&sktid=398a6654-997b-47e9-b12b-9515b896b4de&skt=2026-05-18T19%3A51%3A36Z&ske=2026-05-18T20%3A51%3A40Z&sks=b&skv=2018-11-09&sig=mxDKVyemZFNEJsY%2FhtDu8XK4yRuN8pDSw3EoOTnvzdI%3D&jwt=eyJ0eXAiOiJKV1QiLCJhbGciOiJIUzI1NiJ9.eyJpc3MiOiJnaXRodWIuY29tIiwiYXVkIjoicmVsZWFzZS1hc3NldHMuZ2l0aHVidXNlcmNvbnRlbnQuY29tIiwia2V5Ijoia2V5MSIsImV4cCI6MTc3OTEzNDcyNCwibmJmIjoxNzc5MTM0NDI0LCJwYXRoIjoicmVsZWFzZWFzc2V0cHJvZHVjdGlvbi5ibG9iLmNvcmUud2luZG93cy5uZXQifQ.H-DfkdEW-9G7fzGWXiR8n75A60HuGafamrds3C-SIKk&response-content-disposition=attachment%3B%20filename%3Dlibnvram.so.armel&response-content-type=application%2Foctet-stream
Resolving release-assets.githubusercontent.com (release-assets.githubusercontent.com)... 185.199.110.133, 185.199.111.133, 185.199.108.133, ...
Connecting to release-assets.githubusercontent.com (release-assets.githubusercontent.com)|185.199.110.133|:443... connected.
HTTP request sent, awaiting response... 200 OK
Length: 28264 (28K) [application/octet-stream]
Saving to: ‘./binaries/libnvram.so.armel’

     0K .......... .......... .......                         100% 16.7M=0.002s

2026-05-18 16:00:24 (16.7 MB/s) - ‘./binaries/libnvram.so.armel’ saved [28264/28264]

--2026-05-18 16:00:24--  https://github.com/firmadyne/libnvram/releases/download/v1.0c/libnvram.so.mipseb
Resolving github.com (github.com)... 140.82.112.3
Connecting to github.com (github.com)|140.82.112.3|:443... connected.
HTTP request sent, awaiting response... 302 Found
Location: https://release-assets.githubusercontent.com/github-production-release-asset/50010745/9dc4d46a-966f-11e8-8e19-5927ccda48a9?sp=r&sv=2018-11-09&sr=b&spr=https&se=2026-05-18T20%3A51%3A54Z&rscd=attachment%3B+filename%3Dlibnvram.so.mipseb&rsct=application%2Foctet-stream&skoid=96c2d410-5711-43a1-aedd-ab1947aa7ab0&sktid=398a6654-997b-47e9-b12b-9515b896b4de&skt=2026-05-18T19%3A51%3A41Z&ske=2026-05-18T20%3A51%3A54Z&sks=b&skv=2018-11-09&sig=wDskyH%2FLHu7zjkJJPGF6wjGrBp78lC87A1Mhkx7Q0HM%3D&jwt=eyJ0eXAiOiJKV1QiLCJhbGciOiJIUzI1NiJ9.eyJpc3MiOiJnaXRodWIuY29tIiwiYXVkIjoicmVsZWFzZS1hc3NldHMuZ2l0aHVidXNlcmNvbnRlbnQuY29tIiwia2V5Ijoia2V5MSIsImV4cCI6MTc3OTEzNDcyNCwibmJmIjoxNzc5MTM0NDI0LCJwYXRoIjoicmVsZWFzZWFzc2V0cHJvZHVjdGlvbi5ibG9iLmNvcmUud2luZG93cy5uZXQifQ.H-DfkdEW-9G7fzGWXiR8n75A60HuGafamrds3C-SIKk&response-content-disposition=attachment%3B%20filename%3Dlibnvram.so.mipseb&response-content-type=application%2Foctet-stream [following]
--2026-05-18 16:00:24--  https://release-assets.githubusercontent.com/github-production-release-asset/50010745/9dc4d46a-966f-11e8-8e19-5927ccda48a9?sp=r&sv=2018-11-09&sr=b&spr=https&se=2026-05-18T20%3A51%3A54Z&rscd=attachment%3B+filename%3Dlibnvram.so.mipseb&rsct=application%2Foctet-stream&skoid=96c2d410-5711-43a1-aedd-ab1947aa7ab0&sktid=398a6654-997b-47e9-b12b-9515b896b4de&skt=2026-05-18T19%3A51%3A41Z&ske=2026-05-18T20%3A51%3A54Z&sks=b&skv=2018-11-09&sig=wDskyH%2FLHu7zjkJJPGF6wjGrBp78lC87A1Mhkx7Q0HM%3D&jwt=eyJ0eXAiOiJKV1QiLCJhbGciOiJIUzI1NiJ9.eyJpc3MiOiJnaXRodWIuY29tIiwiYXVkIjoicmVsZWFzZS1hc3NldHMuZ2l0aHVidXNlcmNvbnRlbnQuY29tIiwia2V5Ijoia2V5MSIsImV4cCI6MTc3OTEzNDcyNCwibmJmIjoxNzc5MTM0NDI0LCJwYXRoIjoicmVsZWFzZWFzc2V0cHJvZHVjdGlvbi5ibG9iLmNvcmUud2luZG93cy5uZXQifQ.H-DfkdEW-9G7fzGWXiR8n75A60HuGafamrds3C-SIKk&response-content-disposition=attachment%3B%20filename%3Dlibnvram.so.mipseb&response-content-type=application%2Foctet-stream
Resolving release-assets.githubusercontent.com (release-assets.githubusercontent.com)... 185.199.110.133, 185.199.108.133, 185.199.111.133, ...
Connecting to release-assets.githubusercontent.com (release-assets.githubusercontent.com)|185.199.110.133|:443... connected.
HTTP request sent, awaiting response... 200 OK
Length: 31320 (31K) [application/octet-stream]
Saving to: ‘./binaries/libnvram.so.mipseb’

     0K .......... .......... ..........                      100% 20.9M=0.001s

2026-05-18 16:00:25 (20.9 MB/s) - ‘./binaries/libnvram.so.mipseb’ saved [31320/31320]

--2026-05-18 16:00:25--  https://github.com/firmadyne/libnvram/releases/download/v1.0c/libnvram.so.mipsel
Resolving github.com (github.com)... 140.82.112.3
Connecting to github.com (github.com)|140.82.112.3|:443... connected.
HTTP request sent, awaiting response... 302 Found
Location: https://release-assets.githubusercontent.com/github-production-release-asset/50010745/9dd4c9c4-966f-11e8-9bee-88c7b9345d16?sp=r&sv=2018-11-09&sr=b&spr=https&se=2026-05-18T20%3A52%3A00Z&rscd=attachment%3B+filename%3Dlibnvram.so.mipsel&rsct=application%2Foctet-stream&skoid=96c2d410-5711-43a1-aedd-ab1947aa7ab0&sktid=398a6654-997b-47e9-b12b-9515b896b4de&skt=2026-05-18T19%3A51%3A30Z&ske=2026-05-18T20%3A52%3A00Z&sks=b&skv=2018-11-09&sig=APC6MjyJa%2FqR2TBbZ4tmYz9wyCSWATh8t2lXMaSMt1s%3D&jwt=eyJ0eXAiOiJKV1QiLCJhbGciOiJIUzI1NiJ9.eyJpc3MiOiJnaXRodWIuY29tIiwiYXVkIjoicmVsZWFzZS1hc3NldHMuZ2l0aHVidXNlcmNvbnRlbnQuY29tIiwia2V5Ijoia2V5MSIsImV4cCI6MTc3OTEzNDcyNSwibmJmIjoxNzc5MTM0NDI1LCJwYXRoIjoicmVsZWFzZWFzc2V0cHJvZHVjdGlvbi5ibG9iLmNvcmUud2luZG93cy5uZXQifQ.6m7tu9QF1-_zIDMjnwB9zFVd_JjKUA_IQ3aCanK4KYw&response-content-disposition=attachment%3B%20filename%3Dlibnvram.so.mipsel&response-content-type=application%2Foctet-stream [following]
--2026-05-18 16:00:25--  https://release-assets.githubusercontent.com/github-production-release-asset/50010745/9dd4c9c4-966f-11e8-9bee-88c7b9345d16?sp=r&sv=2018-11-09&sr=b&spr=https&se=2026-05-18T20%3A52%3A00Z&rscd=attachment%3B+filename%3Dlibnvram.so.mipsel&rsct=application%2Foctet-stream&skoid=96c2d410-5711-43a1-aedd-ab1947aa7ab0&sktid=398a6654-997b-47e9-b12b-9515b896b4de&skt=2026-05-18T19%3A51%3A30Z&ske=2026-05-18T20%3A52%3A00Z&sks=b&skv=2018-11-09&sig=APC6MjyJa%2FqR2TBbZ4tmYz9wyCSWATh8t2lXMaSMt1s%3D&jwt=eyJ0eXAiOiJKV1QiLCJhbGciOiJIUzI1NiJ9.eyJpc3MiOiJnaXRodWIuY29tIiwiYXVkIjoicmVsZWFzZS1hc3NldHMuZ2l0aHVidXNlcmNvbnRlbnQuY29tIiwia2V5Ijoia2V5MSIsImV4cCI6MTc3OTEzNDcyNSwibmJmIjoxNzc5MTM0NDI1LCJwYXRoIjoicmVsZWFzZWFzc2V0cHJvZHVjdGlvbi5ibG9iLmNvcmUud2luZG93cy5uZXQifQ.6m7tu9QF1-_zIDMjnwB9zFVd_JjKUA_IQ3aCanK4KYw&response-content-disposition=attachment%3B%20filename%3Dlibnvram.so.mipsel&response-content-type=application%2Foctet-stream
Resolving release-assets.githubusercontent.com (release-assets.githubusercontent.com)... 185.199.111.133, 185.199.108.133, 185.199.110.133, ...
Connecting to release-assets.githubusercontent.com (release-assets.githubusercontent.com)|185.199.111.133|:443... connected.
HTTP request sent, awaiting response... 200 OK
Length: 31320 (31K) [application/octet-stream]
Saving to: ‘./binaries/libnvram.so.mipsel’

     0K .......... .......... ..........                      100% 12.0M=0.002s

2026-05-18 16:00:25 (12.0 MB/s) - ‘./binaries/libnvram.so.mipsel’ saved [31320/31320]

Done!
