
Extractor Exception: In order to execute third party applications as root, binwalk must be run with root privileges.
----------------------------------------------------------------------------------------------------
Traceback (most recent call last):
  File "/usr/lib/python3/dist-packages/binwalk/core/module.py", line 258, in __init__
    self.load()
  File "/usr/lib/python3/dist-packages/binwalk/modules/extractor.py", line 160, in load
    raise ModuleException("In order to execute third party applications as %s, binwalk must be run with root privileges." % self.runas_user)
binwalk.core.exceptions.ModuleException: In order to execute third party applications as root, binwalk must be run with root privileges.
----------------------------------------------------------------------------------------------------


Extractor Exception: In order to execute third party applications as root, binwalk must be run with root privileges.
----------------------------------------------------------------------------------------------------
Traceback (most recent call last):
  File "/usr/lib/python3/dist-packages/binwalk/core/module.py", line 258, in __init__
    self.load()
  File "/usr/lib/python3/dist-packages/binwalk/modules/extractor.py", line 160, in load
    raise ModuleException("In order to execute third party applications as %s, binwalk must be run with root privileges." % self.runas_user)
binwalk.core.exceptions.ModuleException: In order to execute third party applications as root, binwalk must be run with root privileges.
----------------------------------------------------------------------------------------------------

Traceback (most recent call last):
  File "/home/fabiha/firmadyne/./sources/extractor/extractor.py", line 427, in extract
    if analysis():
       ^^^^^^^^^^
  File "/home/fabiha/firmadyne/./sources/extractor/extractor.py", line 474, in _check_archive
    return self._check_recursive("archive")
           ^^^^^^^^^^^^^^^^^^^^^^^^^^^^^^^^
  File "/home/fabiha/firmadyne/./sources/extractor/extractor.py", line 652, in _check_recursive
    for module in binwalk.scan(self.item, "-e", "-r", "-y", fmt, "--run-as=root", "--preserve-symlinks",
                  ^^^^^^^^^^^^^^^^^^^^^^^^^^^^^^^^^^^^^^^^^^^^^^^^^^^^^^^^^^^^^^^^^^^^^^^^^^^^^^^^^^^^^^
  File "/usr/lib/python3/dist-packages/binwalk/__init__.py", line 10, in scan
    objs = m.execute()
           ^^^^^^^^^^^
  File "/usr/lib/python3/dist-packages/binwalk/core/module.py", line 791, in execute
    obj = self.run(module)
          ^^^^^^^^^^^^^^^^
  File "/usr/lib/python3/dist-packages/binwalk/core/module.py", line 810, in run
    obj = self.load(module, kwargs)
          ^^^^^^^^^^^^^^^^^^^^^^^^^
  File "/usr/lib/python3/dist-packages/binwalk/core/module.py", line 841, in load
    argv.update(self.dependencies(module, argv['enabled']))
                ^^^^^^^^^^^^^^^^^^^^^^^^^^^^^^^^^^^^^^^^^^
  File "/usr/lib/python3/dist-packages/binwalk/core/module.py", line 873, in dependencies
    raise ModuleException("Failed to load " + dependency.name + " module")
binwalk.core.exceptions.ModuleException: Failed to load Extractor module
>> Database Image ID: 1

/home/fabiha/firmadyne/firmwares/wago/Firmware_PFC100_PFC200_040901_31.zip
>> MD5: 658f3a903a4caabe2dfdb7399b87ab39
>> Tag: 1
>> Temp: /tmp/tmpt6zr58nj
>> Status: Kernel: True, Rootfs: False, Do_Kernel: False,                 Do_Rootfs: True
>> Cleaning up /tmp/tmpt6zr58nj...
