1143253 execve("/usr/sbin/chroot", ["chroot", "raw_firmware/wago/pfc100_200/roo"..., "/usr/bin/qemu-arm-static", "/usr/bin/netconfd", "--help"], 0x7ffc9692b8d8 /* 17 vars */) = 0
1143253 brk(NULL)                       = 0x616ab82c1000
1143253 mmap(NULL, 8192, PROT_READ|PROT_WRITE, MAP_PRIVATE|MAP_ANONYMOUS, -1, 0) = 0x7655652e1000
1143253 access("/etc/ld.so.preload", R_OK) = -1 ENOENT (No such file or directory)
1143253 openat(AT_FDCWD, "/etc/ld.so.cache", O_RDONLY|O_CLOEXEC) = 3
1143253 fstat(3, {st_mode=S_IFREG|0644, st_size=85347, ...}) = 0
1143253 mmap(NULL, 85347, PROT_READ, MAP_PRIVATE, 3, 0) = 0x7655652cc000
1143253 close(3)                        = 0
1143253 openat(AT_FDCWD, "/lib/x86_64-linux-gnu/libc.so.6", O_RDONLY|O_CLOEXEC) = 3
1143253 read(3, "\177ELF\2\1\1\3\0\0\0\0\0\0\0\0\3\0>\0\1\0\0\0\220\243\2\0\0\0\0\0"..., 832) = 832
1143253 pread64(3, "\6\0\0\0\4\0\0\0@\0\0\0\0\0\0\0@\0\0\0\0\0\0\0@\0\0\0\0\0\0\0"..., 784, 64) = 784
1143253 fstat(3, {st_mode=S_IFREG|0755, st_size=2125328, ...}) = 0
1143253 pread64(3, "\6\0\0\0\4\0\0\0@\0\0\0\0\0\0\0@\0\0\0\0\0\0\0@\0\0\0\0\0\0\0"..., 784, 64) = 784
1143253 mmap(NULL, 2170256, PROT_READ, MAP_PRIVATE|MAP_DENYWRITE, 3, 0) = 0x765565000000
1143253 mmap(0x765565028000, 1605632, PROT_READ|PROT_EXEC, MAP_PRIVATE|MAP_FIXED|MAP_DENYWRITE, 3, 0x28000) = 0x765565028000
1143253 mmap(0x7655651b0000, 323584, PROT_READ, MAP_PRIVATE|MAP_FIXED|MAP_DENYWRITE, 3, 0x1b0000) = 0x7655651b0000
1143253 mmap(0x7655651ff000, 24576, PROT_READ|PROT_WRITE, MAP_PRIVATE|MAP_FIXED|MAP_DENYWRITE, 3, 0x1fe000) = 0x7655651ff000
1143253 mmap(0x765565205000, 52624, PROT_READ|PROT_WRITE, MAP_PRIVATE|MAP_FIXED|MAP_ANONYMOUS, -1, 0) = 0x765565205000
1143253 close(3)                        = 0
1143253 mmap(NULL, 12288, PROT_READ|PROT_WRITE, MAP_PRIVATE|MAP_ANONYMOUS, -1, 0) = 0x7655652c9000
1143253 arch_prctl(ARCH_SET_FS, 0x7655652c9740) = 0
1143253 set_tid_address(0x7655652c9a10) = 1143253
1143253 set_robust_list(0x7655652c9a20, 24) = 0
1143253 rseq(0x7655652ca060, 0x20, 0, 0x53053053) = 0
1143253 mprotect(0x7655651ff000, 16384, PROT_READ) = 0
1143253 mprotect(0x616ab69a1000, 4096, PROT_READ) = 0
1143253 mprotect(0x765565319000, 8192, PROT_READ) = 0
1143253 prlimit64(0, RLIMIT_STACK, NULL, {rlim_cur=8192*1024, rlim_max=RLIM64_INFINITY}) = 0
1143253 munmap(0x7655652cc000, 85347)   = 0
1143253 getrandom("\x93\xa1\x25\x2f\x96\x2d\xe7\x54", 8, GRND_NONBLOCK) = 8
1143253 brk(NULL)                       = 0x616ab82c1000
1143253 brk(0x616ab82e2000)             = 0x616ab82e2000
1143253 openat(AT_FDCWD, "/usr/lib/locale/locale-archive", O_RDONLY|O_CLOEXEC) = 3
1143253 fstat(3, {st_mode=S_IFREG|0644, st_size=14596880, ...}) = 0
1143253 mmap(NULL, 14596880, PROT_READ, MAP_PRIVATE, 3, 0) = 0x765564200000
1143253 close(3)                        = 0
1143253 getcwd("/home/fabiha/industrial-iot-supply-chain", 1024) = 41
1143253 readlink("/home/fabiha/industrial-iot-supply-chain/raw_firmware", 0x7ffd9bc03610, 1023) = -1 EINVAL (Invalid argument)
1143253 readlink("/home/fabiha/industrial-iot-supply-chain/raw_firmware/wago", 0x7ffd9bc03610, 1023) = -1 EINVAL (Invalid argument)
1143253 readlink("/home/fabiha/industrial-iot-supply-chain/raw_firmware/wago/pfc100_200", 0x7ffd9bc03610, 1023) = -1 EINVAL (Invalid argument)
1143253 readlink("/home/fabiha/industrial-iot-supply-chain/raw_firmware/wago/pfc100_200/rootfs", 0x7ffd9bc03610, 1023) = -1 EINVAL (Invalid argument)
1143253 chroot("raw_firmware/wago/pfc100_200/rootfs") = 0
1143253 chdir("/")                      = 0
1143253 execve("/usr/bin/qemu-arm-static", ["/usr/bin/qemu-arm-static", "/usr/bin/netconfd", "--help"], 0x7ffd9bc03c38 /* 17 vars */) = 0
1143253 brk(NULL)                       = 0x555555632000
1143253 brk(0x555555632e40)             = 0x555555632e40
1143253 arch_prctl(ARCH_SET_FS, 0x5555556324c0) = 0
1143253 set_tid_address(0x555555632790) = 1143253
1143253 set_robust_list(0x5555556327a0, 24) = 0
1143253 rseq(0x555555632de0, 0x20, 0, 0x53053053) = 0
1143253 prlimit64(0, RLIMIT_STACK, NULL, {rlim_cur=8192*1024, rlim_max=RLIM64_INFINITY}) = 0
1143253 readlinkat(AT_FDCWD, "/proc/self/exe", 0x7ffc0aa4b730, 4096) = -1 ENOENT (No such file or directory)
1143253 getrandom("\xd1\x1d\x69\xee\x95\x28\x95\xb7", 8, GRND_NONBLOCK) = 8
1143253 brk(NULL)                       = 0x555555632e40
1143253 brk(0x555555653e40)             = 0x555555653e40
1143253 brk(0x555555654000)             = 0x555555654000
1143253 mprotect(0x7f84a1dbb000, 135168, PROT_READ) = 0
1143253 rt_sigprocmask(SIG_SETMASK, ~[ILL FPE SEGV RTMIN RT_1], [], 8) = 0
1143253 rt_sigaction(SIGRT_1, {sa_handler=0x7f84a1c872d0, sa_mask=[], sa_flags=SA_RESTORER|SA_ONSTACK|SA_RESTART|SA_SIGINFO, sa_restorer=0x7f84a1bfb200}, NULL, 8) = 0
1143253 rt_sigprocmask(SIG_UNBLOCK, [RTMIN RT_1], NULL, 8) = 0
1143253 mmap(NULL, 8392704, PROT_NONE, MAP_PRIVATE|MAP_ANONYMOUS|MAP_STACK, -1, 0) = 0x7f84a1000000
1143253 mprotect(0x7f84a1001000, 8388608, PROT_READ|PROT_WRITE) = 0
1143253 rt_sigprocmask(SIG_BLOCK, ~[], ~[ILL FPE KILL SEGV STOP RTMIN RT_1], 8) = 0
1143253 clone3({flags=CLONE_VM|CLONE_FS|CLONE_FILES|CLONE_SIGHAND|CLONE_THREAD|CLONE_SYSVSEM|CLONE_SETTLS|CLONE_PARENT_SETTID|CLONE_CHILD_CLEARTID, child_tid=0x7f84a1800990, parent_tid=0x7f84a1800990, exit_signal=0, stack=0x7f84a1000000, stack_size=0x800200, tls=0x7f84a18006c0} => {parent_tid=[1143254]}, 88) = 1143254
1143253 rt_sigprocmask(SIG_SETMASK, ~[ILL FPE KILL SEGV STOP RTMIN RT_1], NULL, 8) = 0
1143253 rt_sigprocmask(SIG_SETMASK, [], NULL, 8) = 0
1143254 rseq(0x7f84a1800fe0, 0x20, 0, 0x53053053) = 0
1143254 set_robust_list(0x7f84a18009a0, 24) = 0
1143254 rt_sigprocmask(SIG_SETMASK, ~[ILL FPE KILL SEGV STOP RTMIN RT_1],  <unfinished ...>
1143253 prlimit64(0, RLIMIT_STACK, NULL,  <unfinished ...>
1143254 <... rt_sigprocmask resumed>NULL, 8) = 0
1143253 <... prlimit64 resumed>{rlim_cur=8192*1024, rlim_max=RLIM64_INFINITY}) = 0
1143254 mmap(NULL, 134217728, PROT_NONE, MAP_PRIVATE|MAP_ANONYMOUS, -1, 0 <unfinished ...>
1143253 uname( <unfinished ...>
1143254 <... mmap resumed>)             = 0x7f8499000000
1143253 <... uname resumed>{sysname="Linux", nodename="fabiha-Precision-3660", ...}) = 0
1143254 munmap(0x7f8499000000, 50331648 <unfinished ...>
1143253 openat(AT_FDCWD, "/usr/bin/netconfd", O_RDONLY <unfinished ...>
1143254 <... munmap resumed>)           = 0
1143253 <... openat resumed>)           = 3
1143254 munmap(0x7f84a0000000, 16777216 <unfinished ...>
1143253 readlink("/usr",  <unfinished ...>
1143254 <... munmap resumed>)           = 0
1143253 <... readlink resumed>0x7ffc0aa4bae0, 1023) = -1 EINVAL (Invalid argument)
1143254 mprotect(0x7f849c000000, 135168, PROT_READ|PROT_WRITE <unfinished ...>
1143253 readlink("/usr/bin",  <unfinished ...>
1143254 <... mprotect resumed>)         = 0
1143253 <... readlink resumed>0x7ffc0aa4bae0, 1023) = -1 EINVAL (Invalid argument)
1143253 readlink("/usr/bin/netconfd",  <unfinished ...>
1143254 clock_nanosleep(CLOCK_REALTIME, 0, {tv_sec=0, tv_nsec=10000000},  <unfinished ...>
1143253 <... readlink resumed>0x7ffc0aa4bae0, 1023) = -1 EINVAL (Invalid argument)
1143253 lseek(3, 0, SEEK_SET)           = 0
1143253 read(3, "\177ELF\1\1\1\0\0\0\0\0\0\0\0\0\2\0(\0\1\0\0\0\224\16\2\0004\0\0\0"..., 52) = 52
1143253 lseek(3, 0, SEEK_SET)           = 0
1143253 mmap(NULL, 528384, PROT_READ|PROT_WRITE, MAP_PRIVATE|MAP_ANONYMOUS, -1, 0) = 0x7f84a197f000
1143253 sysinfo({uptime=22036797, loads=[56352, 47488, 31360], totalram=33325223936, freeram=536944640, sharedram=981024768, bufferram=1751199744, totalswap=8589930496, freeswap=7695667200, procs=1423, totalhigh=0, freehigh=0, mem_unit=1}) = 0
1143253 mmap(NULL, 134217728, PROT_NONE, MAP_PRIVATE|MAP_ANONYMOUS, -1, 0) = 0x7f8494000000
1143253 madvise(0x7f8494000000, 134217728, MADV_HUGEPAGE) = 0
1143253 mprotect(0x7f8494000000, 134213632, PROT_READ|PROT_WRITE|PROT_EXEC) = 0
1143253 brk(0x55555567c000)             = 0x55555567c000
1143253 brk(0x55555569d000)             = 0x55555569d000
1143253 getrandom(NULL, 0, 0)           = 0
1143253 openat(AT_FDCWD, "/proc/sys/vm/mmap_min_addr", O_RDONLY) = -1 ENOENT (No such file or directory)
1143253 gettid()                        = 1143253
1143253 fstat(3, {st_mode=S_IFREG|0755, st_size=545120, ...}) = 0
1143253 geteuid()                       = 0
1143253 getegid()                       = 0
1143253 read(3, "\177ELF\1\1\1\0\0\0\0\0\0\0\0\0\2\0(\0\1\0\0\0\224\16\2\0004\0\0\0"..., 1024) = 1024
1143253 mmap(0x1000, 4294963200, PROT_NONE, MAP_PRIVATE|MAP_ANONYMOUS|MAP_NORESERVE|MAP_FIXED_NOREPLACE, -1, 0) = 0x1000
1143253 mmap(0xffff0000, 4096, PROT_READ|PROT_WRITE, MAP_PRIVATE|MAP_FIXED|MAP_ANONYMOUS, -1, 0) = 0xffff0000
1143253 mprotect(0xffff0000, 4096, PROT_READ) = 0
1143253 mmap(0x10000, 614400, PROT_NONE, MAP_PRIVATE|MAP_FIXED|MAP_ANONYMOUS|MAP_NORESERVE, -1, 0) = 0x10000
1143253 mmap(0x10000, 532480, PROT_READ, MAP_PRIVATE|MAP_FIXED, 3, 0) = 0x10000
1143253 mmap(0xa1000, 16384, PROT_READ|PROT_WRITE, MAP_PRIVATE|MAP_FIXED, 3, 0x81000) = 0xa1000
1143253 mmap(0xa5000, 4096, PROT_READ|PROT_WRITE, MAP_PRIVATE|MAP_FIXED|MAP_ANONYMOUS, -1, 0) = 0xa5000
1143253 pread64(3, "\0\0\0\0\0\0\0\0\0\0\0\0\0\0\0\0\0\0\0\0\0\0\0\0\0\0\0\0\0\0\0\0"..., 1200, 543920) = 1200
1143253 close(3)                        = 0
1143253 mmap(0x40000000, 8392704, PROT_READ|PROT_WRITE, MAP_PRIVATE|MAP_FIXED|MAP_ANONYMOUS, -1, 0) = 0x40000000
1143253 mprotect(0x40000000, 4096, PROT_NONE) = 0
1143253 access("/usr/gnemul/qemu-arm/lib/ld-linux-armhf.so.3", F_OK) = -1 ENOENT (No such file or directory)
1143253 openat(AT_FDCWD, "/lib/ld-linux-armhf.so.3", O_RDONLY) = 3
1143253 read(3, "\177ELF\1\1\1\0\0\0\0\0\0\0\0\0\3\0(\0\1\0\0\0\200\223\1\0004\0\0\0"..., 1024) = 1024
1143253 mmap(0x40801000, 307200, PROT_NONE, MAP_PRIVATE|MAP_FIXED|MAP_ANONYMOUS|MAP_NORESERVE, -1, 0) = 0x40801000
1143253 mmap(0x40801000, 61440, PROT_NONE, MAP_PRIVATE|MAP_FIXED|MAP_ANONYMOUS|MAP_NORESERVE, -1, 0) = 0x40801000
1143253 mmap(0x4084b000, 4096, PROT_NONE, MAP_PRIVATE|MAP_FIXED|MAP_ANONYMOUS|MAP_NORESERVE, -1, 0) = 0x4084b000
1143253 mmap(0x40810000, 167936, PROT_READ, MAP_PRIVATE|MAP_FIXED, 3, 0) = 0x40810000
1143253 mmap(0x40848000, 12288, PROT_READ|PROT_WRITE, MAP_PRIVATE|MAP_FIXED, 3, 0x28000) = 0x40848000
1143253 pread64(3, "\0\0\0\0\0\0\0\0\0\0\0\0\0\0\0\0\0\0\0\0\0\0\0\0\0\0\0\0\0\0\0\0"..., 880, 174712) = 880
1143253 close(3)                        = 0
1143253 mmap(0x4084b000, 69632, PROT_NONE, MAP_PRIVATE|MAP_FIXED|MAP_ANONYMOUS|MAP_NORESERVE, -1, 0) = 0x4084b000
1143253 mmap(0x4084b000, 20480, PROT_NONE, MAP_PRIVATE|MAP_FIXED|MAP_ANONYMOUS|MAP_NORESERVE, -1, 0) = 0x4084b000
1143253 mmap(0x40851000, 45056, PROT_NONE, MAP_PRIVATE|MAP_FIXED|MAP_ANONYMOUS|MAP_NORESERVE, -1, 0) = 0x40851000
1143253 mmap(0x40850000, 4096, PROT_READ|PROT_WRITE, MAP_PRIVATE|MAP_FIXED|MAP_ANONYMOUS, -1, 0) = 0x40850000
1143253 mprotect(0x40850000, 4096, PROT_READ|PROT_WRITE) = 0
1143253 close(-1)                       = -1 EBADF (Bad file descriptor)
1143253 mprotect(0x40850000, 4096, PROT_READ) = 0
1143253 getrandom("\x8c\x37\x13\x6e\x4b\x9a\xc9\xb9\x73\x31\x7b\xa7\xc2\xf1\x42\xda", 16, 0) = 16
1143253 getuid()                        = 0
1143253 geteuid()                       = 0
1143253 getgid()                        = 0
1143253 getegid()                       = 0
1143253 rt_sigprocmask(SIG_BLOCK, NULL, [], 8) = 0
1143253 rt_sigaction(SIGHUP, NULL, {sa_handler=SIG_DFL, sa_mask=[], sa_flags=0}, 8) = 0
1143253 rt_sigaction(SIGINT, NULL, {sa_handler=SIG_DFL, sa_mask=[], sa_flags=0}, 8) = 0
1143253 rt_sigaction(SIGQUIT, {sa_handler=0x7f84a1b16520, sa_mask=~[RTMIN RT_1], sa_flags=SA_RESTORER|SA_SIGINFO, sa_restorer=0x7f84a1bfb200}, {sa_handler=SIG_DFL, sa_mask=[], sa_flags=0}, 8) = 0
1143253 rt_sigaction(SIGILL, {sa_handler=0x7f84a1b16520, sa_mask=~[RTMIN RT_1], sa_flags=SA_RESTORER|SA_SIGINFO, sa_restorer=0x7f84a1bfb200}, {sa_handler=SIG_DFL, sa_mask=[], sa_flags=0}, 8) = 0
1143253 rt_sigaction(SIGTRAP, {sa_handler=0x7f84a1b16520, sa_mask=~[RTMIN RT_1], sa_flags=SA_RESTORER|SA_SIGINFO, sa_restorer=0x7f84a1bfb200}, {sa_handler=SIG_DFL, sa_mask=[], sa_flags=0}, 8) = 0
1143253 rt_sigaction(SIGABRT, NULL, {sa_handler=SIG_DFL, sa_mask=[], sa_flags=0}, 8) = 0
1143253 rt_sigaction(SIGRT_2, {sa_handler=0x7f84a1b16520, sa_mask=~[RTMIN RT_1], sa_flags=SA_RESTORER|SA_SIGINFO, sa_restorer=0x7f84a1bfb200}, NULL, 8) = 0
1143253 rt_sigaction(SIGBUS, {sa_handler=0x7f84a1b16520, sa_mask=~[RTMIN RT_1], sa_flags=SA_RESTORER|SA_SIGINFO, sa_restorer=0x7f84a1bfb200}, {sa_handler=SIG_DFL, sa_mask=[], sa_flags=0}, 8) = 0
1143253 rt_sigaction(SIGFPE, {sa_handler=0x7f84a1b16520, sa_mask=~[RTMIN RT_1], sa_flags=SA_RESTORER|SA_SIGINFO, sa_restorer=0x7f84a1bfb200}, {sa_handler=SIG_DFL, sa_mask=[], sa_flags=0}, 8) = 0
1143253 rt_sigaction(SIGKILL, NULL, {sa_handler=SIG_DFL, sa_mask=[], sa_flags=0}, 8) = 0
1143253 rt_sigaction(SIGUSR1, NULL, {sa_handler=SIG_DFL, sa_mask=[], sa_flags=0}, 8) = 0
1143253 rt_sigaction(SIGSEGV, {sa_handler=0x7f84a1b16520, sa_mask=~[RTMIN RT_1], sa_flags=SA_RESTORER|SA_SIGINFO, sa_restorer=0x7f84a1bfb200}, {sa_handler=SIG_DFL, sa_mask=[], sa_flags=0}, 8) = 0
1143253 rt_sigaction(SIGUSR2, NULL, {sa_handler=SIG_DFL, sa_mask=[], sa_flags=0}, 8) = 0
1143253 rt_sigaction(SIGPIPE, NULL, {sa_handler=SIG_DFL, sa_mask=[], sa_flags=0}, 8) = 0
1143253 rt_sigaction(SIGALRM, NULL, {sa_handler=SIG_DFL, sa_mask=[], sa_flags=0}, 8) = 0
1143253 rt_sigaction(SIGTERM, NULL, {sa_handler=SIG_DFL, sa_mask=[], sa_flags=0}, 8) = 0
1143253 rt_sigaction(SIGSTKFLT, NULL, {sa_handler=SIG_DFL, sa_mask=[], sa_flags=0}, 8) = 0
1143253 rt_sigaction(SIGCHLD, NULL, {sa_handler=SIG_DFL, sa_mask=[], sa_flags=0}, 8) = 0
1143253 rt_sigaction(SIGCONT, NULL, {sa_handler=SIG_DFL, sa_mask=[], sa_flags=0}, 8) = 0
1143253 rt_sigaction(SIGSTOP, NULL, {sa_handler=SIG_DFL, sa_mask=[], sa_flags=0}, 8) = 0
1143253 rt_sigaction(SIGTSTP, NULL, {sa_handler=SIG_DFL, sa_mask=[], sa_flags=0}, 8) = 0
1143253 rt_sigaction(SIGTTIN, NULL, {sa_handler=SIG_DFL, sa_mask=[], sa_flags=0}, 8) = 0
1143253 rt_sigaction(SIGTTOU, NULL, {sa_handler=SIG_DFL, sa_mask=[], sa_flags=0}, 8) = 0
1143253 rt_sigaction(SIGURG, NULL, {sa_handler=SIG_DFL, sa_mask=[], sa_flags=0}, 8) = 0
1143253 rt_sigaction(SIGXCPU, NULL, {sa_handler=SIG_DFL, sa_mask=[], sa_flags=0}, 8) = 0
1143253 rt_sigaction(SIGXFSZ, NULL, {sa_handler=SIG_DFL, sa_mask=[], sa_flags=0}, 8) = 0
1143253 rt_sigaction(SIGVTALRM, NULL, {sa_handler=SIG_DFL, sa_mask=[], sa_flags=0}, 8) = 0
1143253 rt_sigaction(SIGPROF, NULL, {sa_handler=SIG_DFL, sa_mask=[], sa_flags=0}, 8) = 0
1143253 rt_sigaction(SIGWINCH, NULL, {sa_handler=SIG_DFL, sa_mask=[], sa_flags=0}, 8) = 0
1143253 rt_sigaction(SIGIO, NULL, {sa_handler=SIG_DFL, sa_mask=[], sa_flags=0}, 8) = 0
1143253 rt_sigaction(SIGPWR, NULL, {sa_handler=SIG_DFL, sa_mask=[], sa_flags=0}, 8) = 0
1143253 rt_sigaction(SIGSYS, NULL, {sa_handler=SIG_DFL, sa_mask=[], sa_flags=0}, 8) = 0
1143253 rt_sigaction(SIGRT_3, NULL, {sa_handler=SIG_DFL, sa_mask=[], sa_flags=0}, 8) = 0
1143253 rt_sigaction(SIGRT_4, NULL, {sa_handler=SIG_DFL, sa_mask=[], sa_flags=0}, 8) = 0
1143253 rt_sigaction(SIGRT_5, NULL, {sa_handler=SIG_DFL, sa_mask=[], sa_flags=0}, 8) = 0
1143253 rt_sigaction(SIGRT_6, NULL, {sa_handler=SIG_DFL, sa_mask=[], sa_flags=0}, 8) = 0
1143253 rt_sigaction(SIGRT_7, NULL, {sa_handler=SIG_DFL, sa_mask=[], sa_flags=0}, 8) = 0
1143253 rt_sigaction(SIGRT_8, NULL, {sa_handler=SIG_DFL, sa_mask=[], sa_flags=0}, 8) = 0
1143253 rt_sigaction(SIGRT_9, NULL, {sa_handler=SIG_DFL, sa_mask=[], sa_flags=0}, 8) = 0
1143253 rt_sigaction(SIGRT_10, NULL, {sa_handler=SIG_DFL, sa_mask=[], sa_flags=0}, 8) = 0
1143253 rt_sigaction(SIGRT_11, NULL, {sa_handler=SIG_DFL, sa_mask=[], sa_flags=0}, 8) = 0
1143253 rt_sigaction(SIGRT_12, NULL, {sa_handler=SIG_DFL, sa_mask=[], sa_flags=0}, 8) = 0
1143253 rt_sigaction(SIGRT_13, NULL, {sa_handler=SIG_DFL, sa_mask=[], sa_flags=0}, 8) = 0
1143253 rt_sigaction(SIGRT_14, NULL, {sa_handler=SIG_DFL, sa_mask=[], sa_flags=0}, 8) = 0
1143253 rt_sigaction(SIGRT_15, NULL, {sa_handler=SIG_DFL, sa_mask=[], sa_flags=0}, 8) = 0
1143253 rt_sigaction(SIGRT_16, NULL, {sa_handler=SIG_DFL, sa_mask=[], sa_flags=0}, 8) = 0
1143253 rt_sigaction(SIGRT_17, NULL, {sa_handler=SIG_DFL, sa_mask=[], sa_flags=0}, 8) = 0
1143253 rt_sigaction(SIGRT_18, NULL, {sa_handler=SIG_DFL, sa_mask=[], sa_flags=0}, 8) = 0
1143253 rt_sigaction(SIGRT_19, NULL, {sa_handler=SIG_DFL, sa_mask=[], sa_flags=0}, 8) = 0
1143253 rt_sigaction(SIGRT_20, NULL, {sa_handler=SIG_DFL, sa_mask=[], sa_flags=0}, 8) = 0
1143253 rt_sigaction(SIGRT_21, NULL, {sa_handler=SIG_DFL, sa_mask=[], sa_flags=0}, 8) = 0
1143253 rt_sigaction(SIGRT_22, NULL, {sa_handler=SIG_DFL, sa_mask=[], sa_flags=0}, 8) = 0
1143253 rt_sigaction(SIGRT_23, NULL, {sa_handler=SIG_DFL, sa_mask=[], sa_flags=0}, 8) = 0
1143253 rt_sigaction(SIGRT_24, NULL, {sa_handler=SIG_DFL, sa_mask=[], sa_flags=0}, 8) = 0
1143253 rt_sigaction(SIGRT_25, NULL, {sa_handler=SIG_DFL, sa_mask=[], sa_flags=0}, 8) = 0
1143253 rt_sigaction(SIGRT_26, NULL, {sa_handler=SIG_DFL, sa_mask=[], sa_flags=0}, 8) = 0
1143253 rt_sigaction(SIGRT_27, NULL, {sa_handler=SIG_DFL, sa_mask=[], sa_flags=0}, 8) = 0
1143253 rt_sigaction(SIGRT_28, NULL, {sa_handler=SIG_DFL, sa_mask=[], sa_flags=0}, 8) = 0
1143253 rt_sigaction(SIGRT_29, NULL, {sa_handler=SIG_DFL, sa_mask=[], sa_flags=0}, 8) = 0
1143253 rt_sigaction(SIGRT_30, NULL, {sa_handler=SIG_DFL, sa_mask=[], sa_flags=0}, 8) = 0
1143253 rt_sigaction(SIGRT_31, NULL, {sa_handler=SIG_DFL, sa_mask=[], sa_flags=0}, 8) = 0
1143253 rt_sigaction(SIGRT_32, NULL, {sa_handler=SIG_DFL, sa_mask=[], sa_flags=0}, 8) = 0
1143253 futex(0x7f84a1e15998, FUTEX_WAKE_PRIVATE, 2147483647) = 0
1143253 brk(0x5555556c1000)             = 0x5555556c1000
1143254 <... clock_nanosleep resumed>0x7f84a1800020) = 0
1143254 clock_nanosleep(CLOCK_REALTIME, 0, {tv_sec=0, tv_nsec=10000000},  <unfinished ...>
1143253 futex(0x7f84a1e15998, FUTEX_WAKE_PRIVATE, 2147483647) = 0
1143253 futex(0x7f84a1e15998, FUTEX_WAKE_PRIVATE, 2147483647) = 0
1143253 futex(0x7f84a1e15998, FUTEX_WAKE_PRIVATE, 2147483647) = 0
1143253 mmap(0x40801000, 8192, PROT_READ|PROT_WRITE, MAP_PRIVATE|MAP_FIXED|MAP_ANONYMOUS, -1, 0) = 0x40801000
1143253 uname({sysname="Linux", nodename="fabiha-Precision-3660", ...}) = 0
1143253 futex(0x7f84a1e15998, FUTEX_WAKE_PRIVATE, 2147483647) = 0
1143253 futex(0x7f84a1e15998, FUTEX_WAKE_PRIVATE, 2147483647) = 0
1143254 <... clock_nanosleep resumed>0x7f84a1800020) = 0
1143254 clock_nanosleep(CLOCK_REALTIME, 0, {tv_sec=0, tv_nsec=10000000},  <unfinished ...>
1143253 access("/usr/gnemul/qemu-arm/etc/ld.so.preload", F_OK) = -1 ENOENT (No such file or directory)
1143253 access("/etc/ld.so.preload", R_OK) = -1 ENOENT (No such file or directory)
1143253 futex(0x7f84a1e15998, FUTEX_WAKE_PRIVATE, 2147483647) = 0
1143253 readlink("/etc", 0x7ffc0aa4a5e0, 1023) = -1 EINVAL (Invalid argument)
1143253 readlink("/etc/ld.so.cache", 0x7ffc0aa4a5e0, 1023) = -1 ENOENT (No such file or directory)
1143253 access("/usr/gnemul/qemu-arm/etc/ld.so.cache", F_OK) = -1 ENOENT (No such file or directory)
1143253 openat(AT_FDCWD, "/etc/ld.so.cache", O_RDONLY|O_CLOEXEC) = -1 ENOENT (No such file or directory)
1143253 readlink("/lib", "usr/lib", 1023) = 7
1143253 readlink("/usr", 0x7ffc0aa4a5e0, 1023) = -1 EINVAL (Invalid argument)
1143253 readlink("/usr/lib", 0x7ffc0aa4a5e0, 1023) = -1 EINVAL (Invalid argument)
1143253 readlink("/usr/lib/tls", 0x7ffc0aa4a5e0, 1023) = -1 ENOENT (No such file or directory)
1143253 access("/usr/gnemul/qemu-arm/lib/tls/v8l/neon/vfp/libboost_log.so.1.83.0", F_OK) = -1 ENOENT (No such file or directory)
1143253 openat(AT_FDCWD, "/lib/tls/v8l/neon/vfp/libboost_log.so.1.83.0", O_RDONLY|O_CLOEXEC) = -1 ENOENT (No such file or directory)
1143253 statx(AT_FDCWD, "/lib/tls/v8l/neon/vfp", AT_STATX_SYNC_AS_STAT|AT_NO_AUTOMOUNT, STATX_BASIC_STATS, 0x7ffc0aa4bc50) = -1 ENOENT (No such file or directory)
1143253 readlink("/lib", "usr/lib", 1023) = 7
1143253 readlink("/usr", 0x7ffc0aa4a5e0, 1023) = -1 EINVAL (Invalid argument)
1143253 readlink("/usr/lib", 0x7ffc0aa4a5e0, 1023) = -1 EINVAL (Invalid argument)
1143253 readlink("/usr/lib/tls", 0x7ffc0aa4a5e0, 1023) = -1 ENOENT (No such file or directory)
1143253 access("/usr/gnemul/qemu-arm/lib/tls/v8l/neon/libboost_log.so.1.83.0", F_OK) = -1 ENOENT (No such file or directory)
1143253 openat(AT_FDCWD, "/lib/tls/v8l/neon/libboost_log.so.1.83.0", O_RDONLY|O_CLOEXEC) = -1 ENOENT (No such file or directory)
1143253 statx(AT_FDCWD, "/lib/tls/v8l/neon", AT_STATX_SYNC_AS_STAT|AT_NO_AUTOMOUNT, STATX_BASIC_STATS, 0x7ffc0aa4bc50) = -1 ENOENT (No such file or directory)
1143253 readlink("/lib", "usr/lib", 1023) = 7
1143253 readlink("/usr", 0x7ffc0aa4a5e0, 1023) = -1 EINVAL (Invalid argument)
1143253 readlink("/usr/lib", 0x7ffc0aa4a5e0, 1023) = -1 EINVAL (Invalid argument)
1143253 readlink("/usr/lib/tls", 0x7ffc0aa4a5e0, 1023) = -1 ENOENT (No such file or directory)
1143253 access("/usr/gnemul/qemu-arm/lib/tls/v8l/vfp/libboost_log.so.1.83.0", F_OK) = -1 ENOENT (No such file or directory)
1143253 openat(AT_FDCWD, "/lib/tls/v8l/vfp/libboost_log.so.1.83.0", O_RDONLY|O_CLOEXEC) = -1 ENOENT (No such file or directory)
1143253 statx(AT_FDCWD, "/lib/tls/v8l/vfp", AT_STATX_SYNC_AS_STAT|AT_NO_AUTOMOUNT, STATX_BASIC_STATS, 0x7ffc0aa4bc50) = -1 ENOENT (No such file or directory)
1143253 readlink("/lib", "usr/lib", 1023) = 7
1143253 readlink("/usr", 0x7ffc0aa4a5e0, 1023) = -1 EINVAL (Invalid argument)
1143253 readlink("/usr/lib", 0x7ffc0aa4a5e0, 1023) = -1 EINVAL (Invalid argument)
1143253 readlink("/usr/lib/tls", 0x7ffc0aa4a5e0, 1023) = -1 ENOENT (No such file or directory)
1143253 access("/usr/gnemul/qemu-arm/lib/tls/v8l/libboost_log.so.1.83.0", F_OK) = -1 ENOENT (No such file or directory)
1143253 openat(AT_FDCWD, "/lib/tls/v8l/libboost_log.so.1.83.0", O_RDONLY|O_CLOEXEC) = -1 ENOENT (No such file or directory)
1143253 statx(AT_FDCWD, "/lib/tls/v8l", AT_STATX_SYNC_AS_STAT|AT_NO_AUTOMOUNT, STATX_BASIC_STATS, 0x7ffc0aa4bc50) = -1 ENOENT (No such file or directory)
1143253 readlink("/lib", "usr/lib", 1023) = 7
1143253 readlink("/usr", 0x7ffc0aa4a5e0, 1023) = -1 EINVAL (Invalid argument)
1143253 readlink("/usr/lib", 0x7ffc0aa4a5e0, 1023) = -1 EINVAL (Invalid argument)
1143253 readlink("/usr/lib/tls", 0x7ffc0aa4a5e0, 1023) = -1 ENOENT (No such file or directory)
1143253 access("/usr/gnemul/qemu-arm/lib/tls/neon/vfp/libboost_log.so.1.83.0", F_OK) = -1 ENOENT (No such file or directory)
1143253 openat(AT_FDCWD, "/lib/tls/neon/vfp/libboost_log.so.1.83.0", O_RDONLY|O_CLOEXEC) = -1 ENOENT (No such file or directory)
1143253 statx(AT_FDCWD, "/lib/tls/neon/vfp", AT_STATX_SYNC_AS_STAT|AT_NO_AUTOMOUNT, STATX_BASIC_STATS, 0x7ffc0aa4bc50) = -1 ENOENT (No such file or directory)
1143253 readlink("/lib", "usr/lib", 1023) = 7
1143253 readlink("/usr", 0x7ffc0aa4a5e0, 1023) = -1 EINVAL (Invalid argument)
1143253 readlink("/usr/lib", 0x7ffc0aa4a5e0, 1023) = -1 EINVAL (Invalid argument)
1143253 readlink("/usr/lib/tls", 0x7ffc0aa4a5e0, 1023) = -1 ENOENT (No such file or directory)
1143253 access("/usr/gnemul/qemu-arm/lib/tls/neon/libboost_log.so.1.83.0", F_OK) = -1 ENOENT (No such file or directory)
1143253 openat(AT_FDCWD, "/lib/tls/neon/libboost_log.so.1.83.0", O_RDONLY|O_CLOEXEC) = -1 ENOENT (No such file or directory)
1143253 statx(AT_FDCWD, "/lib/tls/neon", AT_STATX_SYNC_AS_STAT|AT_NO_AUTOMOUNT, STATX_BASIC_STATS, 0x7ffc0aa4bc50) = -1 ENOENT (No such file or directory)
1143253 readlink("/lib", "usr/lib", 1023) = 7
1143253 readlink("/usr", 0x7ffc0aa4a5e0, 1023) = -1 EINVAL (Invalid argument)
1143253 readlink("/usr/lib", 0x7ffc0aa4a5e0, 1023) = -1 EINVAL (Invalid argument)
1143253 readlink("/usr/lib/tls", 0x7ffc0aa4a5e0, 1023) = -1 ENOENT (No such file or directory)
1143253 access("/usr/gnemul/qemu-arm/lib/tls/vfp/libboost_log.so.1.83.0", F_OK) = -1 ENOENT (No such file or directory)
1143253 openat(AT_FDCWD, "/lib/tls/vfp/libboost_log.so.1.83.0", O_RDONLY|O_CLOEXEC) = -1 ENOENT (No such file or directory)
1143253 statx(AT_FDCWD, "/lib/tls/vfp", AT_STATX_SYNC_AS_STAT|AT_NO_AUTOMOUNT, STATX_BASIC_STATS, 0x7ffc0aa4bc50) = -1 ENOENT (No such file or directory)
1143253 readlink("/lib", "usr/lib", 1023) = 7
1143253 readlink("/usr", 0x7ffc0aa4a5e0, 1023) = -1 EINVAL (Invalid argument)
1143253 readlink("/usr/lib", 0x7ffc0aa4a5e0, 1023) = -1 EINVAL (Invalid argument)
1143253 readlink("/usr/lib/tls", 0x7ffc0aa4a5e0, 1023) = -1 ENOENT (No such file or directory)
1143253 access("/usr/gnemul/qemu-arm/lib/tls/libboost_log.so.1.83.0", F_OK) = -1 ENOENT (No such file or directory)
1143253 openat(AT_FDCWD, "/lib/tls/libboost_log.so.1.83.0", O_RDONLY|O_CLOEXEC) = -1 ENOENT (No such file or directory)
1143253 statx(AT_FDCWD, "/lib/tls", AT_STATX_SYNC_AS_STAT|AT_NO_AUTOMOUNT, STATX_BASIC_STATS, 0x7ffc0aa4bc50) = -1 ENOENT (No such file or directory)
1143253 readlink("/lib", "usr/lib", 1023) = 7
1143253 readlink("/usr", 0x7ffc0aa4a5e0, 1023) = -1 EINVAL (Invalid argument)
1143253 readlink("/usr/lib", 0x7ffc0aa4a5e0, 1023) = -1 EINVAL (Invalid argument)
1143253 readlink("/usr/lib/v8l", 0x7ffc0aa4a5e0, 1023) = -1 ENOENT (No such file or directory)
1143253 access("/usr/gnemul/qemu-arm/lib/v8l/neon/vfp/libboost_log.so.1.83.0", F_OK) = -1 ENOENT (No such file or directory)
1143253 openat(AT_FDCWD, "/lib/v8l/neon/vfp/libboost_log.so.1.83.0", O_RDONLY|O_CLOEXEC) = -1 ENOENT (No such file or directory)
1143253 statx(AT_FDCWD, "/lib/v8l/neon/vfp", AT_STATX_SYNC_AS_STAT|AT_NO_AUTOMOUNT, STATX_BASIC_STATS, 0x7ffc0aa4bc50) = -1 ENOENT (No such file or directory)
1143253 readlink("/lib", "usr/lib", 1023) = 7
1143253 readlink("/usr", 0x7ffc0aa4a5e0, 1023) = -1 EINVAL (Invalid argument)
1143253 readlink("/usr/lib", 0x7ffc0aa4a5e0, 1023) = -1 EINVAL (Invalid argument)
1143253 readlink("/usr/lib/v8l", 0x7ffc0aa4a5e0, 1023) = -1 ENOENT (No such file or directory)
1143253 access("/usr/gnemul/qemu-arm/lib/v8l/neon/libboost_log.so.1.83.0", F_OK) = -1 ENOENT (No such file or directory)
1143253 openat(AT_FDCWD, "/lib/v8l/neon/libboost_log.so.1.83.0", O_RDONLY|O_CLOEXEC) = -1 ENOENT (No such file or directory)
1143253 statx(AT_FDCWD, "/lib/v8l/neon", AT_STATX_SYNC_AS_STAT|AT_NO_AUTOMOUNT, STATX_BASIC_STATS, 0x7ffc0aa4bc50) = -1 ENOENT (No such file or directory)
1143253 readlink("/lib", "usr/lib", 1023) = 7
1143253 readlink("/usr", 0x7ffc0aa4a5e0, 1023) = -1 EINVAL (Invalid argument)
1143253 readlink("/usr/lib", 0x7ffc0aa4a5e0, 1023) = -1 EINVAL (Invalid argument)
1143253 readlink("/usr/lib/v8l", 0x7ffc0aa4a5e0, 1023) = -1 ENOENT (No such file or directory)
1143253 access("/usr/gnemul/qemu-arm/lib/v8l/vfp/libboost_log.so.1.83.0", F_OK) = -1 ENOENT (No such file or directory)
1143253 openat(AT_FDCWD, "/lib/v8l/vfp/libboost_log.so.1.83.0", O_RDONLY|O_CLOEXEC) = -1 ENOENT (No such file or directory)
1143253 statx(AT_FDCWD, "/lib/v8l/vfp", AT_STATX_SYNC_AS_STAT|AT_NO_AUTOMOUNT, STATX_BASIC_STATS, 0x7ffc0aa4bc50) = -1 ENOENT (No such file or directory)
1143253 readlink("/lib", "usr/lib", 1023) = 7
1143253 readlink("/usr", 0x7ffc0aa4a5e0, 1023) = -1 EINVAL (Invalid argument)
1143253 readlink("/usr/lib", 0x7ffc0aa4a5e0, 1023) = -1 EINVAL (Invalid argument)
1143253 readlink("/usr/lib/v8l", 0x7ffc0aa4a5e0, 1023) = -1 ENOENT (No such file or directory)
1143253 access("/usr/gnemul/qemu-arm/lib/v8l/libboost_log.so.1.83.0", F_OK) = -1 ENOENT (No such file or directory)
1143253 openat(AT_FDCWD, "/lib/v8l/libboost_log.so.1.83.0", O_RDONLY|O_CLOEXEC) = -1 ENOENT (No such file or directory)
1143253 statx(AT_FDCWD, "/lib/v8l", AT_STATX_SYNC_AS_STAT|AT_NO_AUTOMOUNT, STATX_BASIC_STATS, 0x7ffc0aa4bc50) = -1 ENOENT (No such file or directory)
1143253 readlink("/lib", "usr/lib", 1023) = 7
1143253 readlink("/usr", 0x7ffc0aa4a5e0, 1023) = -1 EINVAL (Invalid argument)
1143253 readlink("/usr/lib", 0x7ffc0aa4a5e0, 1023) = -1 EINVAL (Invalid argument)
1143253 readlink("/usr/lib/neon", 0x7ffc0aa4a5e0, 1023) = -1 ENOENT (No such file or directory)
1143253 access("/usr/gnemul/qemu-arm/lib/neon/vfp/libboost_log.so.1.83.0", F_OK) = -1 ENOENT (No such file or directory)
1143253 openat(AT_FDCWD, "/lib/neon/vfp/libboost_log.so.1.83.0", O_RDONLY|O_CLOEXEC) = -1 ENOENT (No such file or directory)
1143253 statx(AT_FDCWD, "/lib/neon/vfp", AT_STATX_SYNC_AS_STAT|AT_NO_AUTOMOUNT, STATX_BASIC_STATS, 0x7ffc0aa4bc50) = -1 ENOENT (No such file or directory)
1143253 readlink("/lib", "usr/lib", 1023) = 7
1143253 readlink("/usr", 0x7ffc0aa4a5e0, 1023) = -1 EINVAL (Invalid argument)
1143253 readlink("/usr/lib", 0x7ffc0aa4a5e0, 1023) = -1 EINVAL (Invalid argument)
1143253 readlink("/usr/lib/neon", 0x7ffc0aa4a5e0, 1023) = -1 ENOENT (No such file or directory)
1143253 access("/usr/gnemul/qemu-arm/lib/neon/libboost_log.so.1.83.0", F_OK) = -1 ENOENT (No such file or directory)
1143253 openat(AT_FDCWD, "/lib/neon/libboost_log.so.1.83.0", O_RDONLY|O_CLOEXEC) = -1 ENOENT (No such file or directory)
1143253 statx(AT_FDCWD, "/lib/neon", AT_STATX_SYNC_AS_STAT|AT_NO_AUTOMOUNT, STATX_BASIC_STATS, 0x7ffc0aa4bc50) = -1 ENOENT (No such file or directory)
1143253 readlink("/lib", "usr/lib", 1023) = 7
1143253 readlink("/usr", 0x7ffc0aa4a5e0, 1023) = -1 EINVAL (Invalid argument)
1143253 readlink("/usr/lib", 0x7ffc0aa4a5e0, 1023) = -1 EINVAL (Invalid argument)
1143253 readlink("/usr/lib/vfp", 0x7ffc0aa4a5e0, 1023) = -1 ENOENT (No such file or directory)
1143253 access("/usr/gnemul/qemu-arm/lib/vfp/libboost_log.so.1.83.0", F_OK) = -1 ENOENT (No such file or directory)
1143253 openat(AT_FDCWD, "/lib/vfp/libboost_log.so.1.83.0", O_RDONLY|O_CLOEXEC) = -1 ENOENT (No such file or directory)
1143253 statx(AT_FDCWD, "/lib/vfp", AT_STATX_SYNC_AS_STAT|AT_NO_AUTOMOUNT, STATX_BASIC_STATS, 0x7ffc0aa4bc50) = -1 ENOENT (No such file or directory)
1143253 readlink("/lib", "usr/lib", 1023) = 7
1143253 readlink("/usr", 0x7ffc0aa4a5e0, 1023) = -1 EINVAL (Invalid argument)
1143253 readlink("/usr/lib", 0x7ffc0aa4a5e0, 1023) = -1 EINVAL (Invalid argument)
1143253 readlink("/usr/lib/libboost_log.so.1.83.0", 0x7ffc0aa4a5e0, 1023) = -1 EINVAL (Invalid argument)
1143253 access("/usr/gnemul/qemu-arm/lib/libboost_log.so.1.83.0", F_OK) = -1 ENOENT (No such file or directory)
1143253 openat(AT_FDCWD, "/lib/libboost_log.so.1.83.0", O_RDONLY|O_CLOEXEC) = 3
1143253 read(3, "\177ELF\1\1\1\3\0\0\0\0\0\0\0\0\3\0(\0\1\0\0\0\0\0\0\0004\0\0\0"..., 512) = 512
1143253 statx(3, "", AT_STATX_SYNC_AS_STAT|AT_NO_AUTOMOUNT|AT_EMPTY_PATH, STATX_BASIC_STATS, {stx_mask=STATX_BASIC_STATS|STATX_MNT_ID, stx_attributes=0, stx_mode=S_IFREG|0755, stx_size=685192, ...}) = 0
1143253 mmap(0x40851000, 819200, PROT_NONE, MAP_PRIVATE|MAP_FIXED|MAP_ANONYMOUS, -1, 0) = 0x40851000
1143253 mmap(0x40860000, 753664, PROT_READ, MAP_PRIVATE|MAP_FIXED|MAP_DENYWRITE, 3, 0 <unfinished ...>
1143254 <... clock_nanosleep resumed>0x7f84a1800020) = 0
1143253 <... mmap resumed>)             = 0x40860000
1143254 clock_nanosleep(CLOCK_REALTIME, 0, {tv_sec=0, tv_nsec=10000000},  <unfinished ...>
1143253 mmap(0x40851000, 61440, PROT_NONE, MAP_PRIVATE|MAP_FIXED|MAP_ANONYMOUS|MAP_NORESERVE, -1, 0) = 0x40851000
1143253 mmap(0x40918000, 4096, PROT_NONE, MAP_PRIVATE|MAP_FIXED|MAP_ANONYMOUS|MAP_NORESERVE, -1, 0) = 0x40918000
1143253 mprotect(0x40903000, 65536, PROT_NONE) = 0
1143253 mmap(0x40913000, 16384, PROT_READ|PROT_WRITE, MAP_PRIVATE|MAP_FIXED|MAP_DENYWRITE, 3, 0xa3000) = 0x40913000
1143253 mmap(0x40917000, 4096, PROT_READ|PROT_WRITE, MAP_PRIVATE|MAP_FIXED|MAP_ANONYMOUS, -1, 0) = 0x40917000
1143253 close(3)                        = 0
1143253 readlink("/lib", "usr/lib", 1023) = 7
1143253 readlink("/usr", 0x7ffc0aa4a5e0, 1023) = -1 EINVAL (Invalid argument)
1143253 readlink("/usr/lib", 0x7ffc0aa4a5e0, 1023) = -1 EINVAL (Invalid argument)
1143253 readlink("/usr/lib/libboost_thread.so.1.83.0", 0x7ffc0aa4a5e0, 1023) = -1 EINVAL (Invalid argument)
1143253 access("/usr/gnemul/qemu-arm/lib/libboost_thread.so.1.83.0", F_OK) = -1 ENOENT (No such file or directory)
1143253 openat(AT_FDCWD, "/lib/libboost_thread.so.1.83.0", O_RDONLY|O_CLOEXEC) = 3
1143253 read(3, "\177ELF\1\1\1\3\0\0\0\0\0\0\0\0\3\0(\0\1\0\0\0\0\0\0\0004\0\0\0"..., 512) = 512
1143253 statx(3, "", AT_STATX_SYNC_AS_STAT|AT_NO_AUTOMOUNT|AT_EMPTY_PATH, STATX_BASIC_STATS, {stx_mask=STATX_BASIC_STATS|STATX_MNT_ID, stx_attributes=0, stx_mode=S_IFREG|0755, stx_size=104636, ...}) = 0
1143253 mmap(0x40918000, 237568, PROT_NONE, MAP_PRIVATE|MAP_FIXED|MAP_ANONYMOUS, -1, 0) = 0x40918000
1143253 mmap(0x40920000, 172032, PROT_READ, MAP_PRIVATE|MAP_FIXED|MAP_DENYWRITE, 3, 0) = 0x40920000
1143253 mmap(0x40918000, 32768, PROT_NONE, MAP_PRIVATE|MAP_FIXED|MAP_ANONYMOUS|MAP_NORESERVE, -1, 0) = 0x40918000
1143253 mmap(0x4094a000, 32768, PROT_NONE, MAP_PRIVATE|MAP_FIXED|MAP_ANONYMOUS|MAP_NORESERVE, -1, 0) = 0x4094a000
1143253 mprotect(0x40938000, 65536, PROT_NONE) = 0
1143253 mmap(0x40948000, 8192, PROT_READ|PROT_WRITE, MAP_PRIVATE|MAP_FIXED|MAP_DENYWRITE, 3, 0x18000) = 0x40948000
1143253 close(3)                        = 0
1143253 readlink("/lib", "usr/lib", 1023) = 7
1143253 readlink("/usr", 0x7ffc0aa4a5e0, 1023) = -1 EINVAL (Invalid argument)
1143253 readlink("/usr/lib", 0x7ffc0aa4a5e0, 1023) = -1 EINVAL (Invalid argument)
1143253 readlink("/usr/lib/libboost_system.so.1.83.0", 0x7ffc0aa4a5e0, 1023) = -1 EINVAL (Invalid argument)
1143253 access("/usr/gnemul/qemu-arm/lib/libboost_system.so.1.83.0", F_OK) = -1 ENOENT (No such file or directory)
1143253 openat(AT_FDCWD, "/lib/libboost_system.so.1.83.0", O_RDONLY|O_CLOEXEC) = 3
1143253 read(3, "\177ELF\1\1\1\0\0\0\0\0\0\0\0\0\3\0(\0\1\0\0\0\0\0\0\0004\0\0\0"..., 512) = 512
1143253 statx(3, "", AT_STATX_SYNC_AS_STAT|AT_NO_AUTOMOUNT|AT_EMPTY_PATH, STATX_BASIC_STATS, {stx_mask=STATX_BASIC_STATS|STATX_MNT_ID, stx_attributes=0, stx_mode=S_IFREG|0755, stx_size=5404, ...}) = 0
1143253 mmap(0x4094a000, 139264, PROT_NONE, MAP_PRIVATE|MAP_FIXED|MAP_ANONYMOUS, -1, 0) = 0x4094a000
1143253 mmap(0x40950000, 73728, PROT_READ, MAP_PRIVATE|MAP_FIXED|MAP_DENYWRITE, 3, 0) = 0x40950000
1143253 mmap(0x4094a000, 24576, PROT_NONE, MAP_PRIVATE|MAP_FIXED|MAP_ANONYMOUS|MAP_NORESERVE, -1, 0) = 0x4094a000
1143253 mmap(0x40962000, 40960, PROT_NONE, MAP_PRIVATE|MAP_FIXED|MAP_ANONYMOUS|MAP_NORESERVE, -1, 0) = 0x40962000
1143253 mprotect(0x40951000, 61440, PROT_NONE) = 0
1143253 mmap(0x40960000, 8192, PROT_READ|PROT_WRITE, MAP_PRIVATE|MAP_FIXED|MAP_DENYWRITE, 3, 0) = 0x40960000
1143253 close(3)                        = 0
1143253 readlink("/lib", "usr/lib", 1023) = 7
1143253 readlink("/usr", 0x7ffc0aa4a5e0, 1023) = -1 EINVAL (Invalid argument)
1143253 readlink("/usr/lib", 0x7ffc0aa4a5e0, 1023) = -1 EINVAL (Invalid argument)
1143253 readlink("/usr/lib/libboost_filesystem.so.1.83.0", 0x7ffc0aa4a5e0, 1023) = -1 EINVAL (Invalid argument)
1143253 access("/usr/gnemul/qemu-arm/lib/libboost_filesystem.so.1.83.0", F_OK) = -1 ENOENT (No such file or directory)
1143253 openat(AT_FDCWD, "/lib/libboost_filesystem.so.1.83.0", O_RDONLY|O_CLOEXEC) = 3
1143253 read(3, "\177ELF\1\1\1\3\0\0\0\0\0\0\0\0\3\0(\0\1\0\0\0\0\0\0\0004\0\0\0"..., 512) = 512
1143253 statx(3, "", AT_STATX_SYNC_AS_STAT|AT_NO_AUTOMOUNT|AT_EMPTY_PATH, STATX_BASIC_STATS, {stx_mask=STATX_BASIC_STATS|STATX_MNT_ID, stx_attributes=0, stx_mode=S_IFREG|0755, stx_size=112940, ...}) = 0
1143253 mmap(0x40962000, 245760, PROT_NONE, MAP_PRIVATE|MAP_FIXED|MAP_ANONYMOUS, -1, 0) = 0x40962000
1143253 mmap(0x40970000, 180224, PROT_READ, MAP_PRIVATE|MAP_FIXED|MAP_DENYWRITE, 3, 0) = 0x40970000
1143253 mmap(0x40962000, 57344, PROT_NONE, MAP_PRIVATE|MAP_FIXED|MAP_ANONYMOUS|MAP_NORESERVE, -1, 0) = 0x40962000
1143253 mmap(0x4099c000, 8192, PROT_NONE, MAP_PRIVATE|MAP_FIXED|MAP_ANONYMOUS|MAP_NORESERVE, -1, 0) = 0x4099c000
1143253 mprotect(0x4098b000, 61440, PROT_NONE) = 0
1143253 mmap(0x4099a000, 8192, PROT_READ|PROT_WRITE, MAP_PRIVATE|MAP_FIXED|MAP_DENYWRITE, 3, 0x1a000) = 0x4099a000
1143253 close(3)                        = 0
1143253 readlink("/lib", "usr/lib", 1023) = 7
1143253 readlink("/usr", 0x7ffc0aa4a5e0, 1023) = -1 EINVAL (Invalid argument)
1143253 readlink("/usr/lib", 0x7ffc0aa4a5e0, 1023) = -1 EINVAL (Invalid argument)
1143253 readlink("/usr/lib/libboost_serialization.so.1.83.0", 0x7ffc0aa4a5e0, 1023) = -1 EINVAL (Invalid argument)
1143253 access("/usr/gnemul/qemu-arm/lib/libboost_serialization.so.1.83.0", F_OK) = -1 ENOENT (No such file or directory)
1143253 openat(AT_FDCWD, "/lib/libboost_serialization.so.1.83.0", O_RDONLY|O_CLOEXEC) = 3
1143253 read(3, "\177ELF\1\1\1\3\0\0\0\0\0\0\0\0\3\0(\0\1\0\0\0\0\0\0\0004\0\0\0"..., 512) = 512
1143253 statx(3, "", AT_STATX_SYNC_AS_STAT|AT_NO_AUTOMOUNT|AT_EMPTY_PATH, STATX_BASIC_STATS, {stx_mask=STATX_BASIC_STATS|STATX_MNT_ID, stx_attributes=0, stx_mode=S_IFREG|0755, stx_size=220084, ...}) = 0
1143253 mmap(0x4099c000, 352256, PROT_NONE, MAP_PRIVATE|MAP_FIXED|MAP_ANONYMOUS, -1, 0) = 0x4099c000
1143253 mmap(0x409a0000, 286720, PROT_READ, MAP_PRIVATE|MAP_FIXED|MAP_DENYWRITE, 3, 0) = 0x409a0000
1143253 mmap(0x4099c000, 16384, PROT_NONE, MAP_PRIVATE|MAP_FIXED|MAP_ANONYMOUS|MAP_NORESERVE, -1, 0) = 0x4099c000
1143253 mmap(0x409e6000, 49152, PROT_NONE, MAP_PRIVATE|MAP_FIXED|MAP_ANONYMOUS|MAP_NORESERVE, -1, 0) = 0x409e6000
1143253 mprotect(0x409d4000, 61440, PROT_NONE) = 0
1143253 mmap(0x409e3000, 12288, PROT_READ|PROT_WRITE, MAP_PRIVATE|MAP_FIXED|MAP_DENYWRITE, 3, 0x33000) = 0x409e3000
1143253 close(3)                        = 0
1143253 readlink("/lib", "usr/lib", 1023) = 7
1143253 readlink("/usr", 0x7ffc0aa4a5e0, 1023) = -1 EINVAL (Invalid argument)
1143253 readlink("/usr/lib", 0x7ffc0aa4a5e0, 1023) = -1 EINVAL (Invalid argument)
1143253 readlink("/usr/lib/libconfigstp.so.1", "libconfigstp.so.1.0.0", 1023) = 21
1143253 readlink("/usr/lib/libconfigstp.so.1.0.0", 0x7ffc0aa4a5e0, 1023) = -1 EINVAL (Invalid argument)
1143253 access("/usr/gnemul/qemu-arm/lib/libconfigstp.so.1", F_OK) = -1 ENOENT (No such file or directory)
1143253 openat(AT_FDCWD, "/lib/libconfigstp.so.1", O_RDONLY|O_CLOEXEC) = 3
1143253 read(3, "\177ELF\1\1\1\0\0\0\0\0\0\0\0\0\3\0(\0\1\0\0\0\0\0\0\0004\0\0\0"..., 512) = 512
1143253 statx(3, "", AT_STATX_SYNC_AS_STAT|AT_NO_AUTOMOUNT|AT_EMPTY_PATH, STATX_BASIC_STATS, {stx_mask=STATX_BASIC_STATS|STATX_MNT_ID, stx_attributes=0, stx_mode=S_IFREG|0644, stx_size=79796, ...}) = 0
1143253 mmap(0x409e6000, 212992, PROT_NONE, MAP_PRIVATE|MAP_FIXED|MAP_ANONYMOUS, -1, 0) = 0x409e6000
1143253 mmap(0x409f0000, 147456, PROT_READ, MAP_PRIVATE|MAP_FIXED|MAP_DENYWRITE, 3, 0) = 0x409f0000
1143253 mmap(0x409e6000, 40960, PROT_NONE, MAP_PRIVATE|MAP_FIXED|MAP_ANONYMOUS|MAP_NORESERVE, -1, 0) = 0x409e6000
1143253 mmap(0x40a14000, 24576, PROT_NONE, MAP_PRIVATE|MAP_FIXED|MAP_ANONYMOUS|MAP_NORESERVE, -1, 0) = 0x40a14000
1143253 mprotect(0x40a02000, 65536, PROT_NONE) = 0
1143253 mmap(0x40a12000, 8192, PROT_READ|PROT_WRITE, MAP_PRIVATE|MAP_FIXED|MAP_DENYWRITE, 3, 0x12000) = 0x40a12000
1143253 close(3)                        = 0
1143253 readlink("/lib", "usr/lib", 1023) = 7
1143253 readlink("/usr", 0x7ffc0aa4a5e0, 1023) = -1 EINVAL (Invalid argument)
1143253 readlink("/usr/lib", 0x7ffc0aa4a5e0, 1023) = -1 EINVAL (Invalid argument)
1143253 readlink("/usr/lib/libdbus-glib-1.so.2", "libdbus-glib-1.so.2.3.2", 1023) = 23
1143253 readlink("/usr/lib/libdbus-glib-1.so.2.3.2", 0x7ffc0aa4a5e0, 1023) = -1 EINVAL (Invalid argument)
1143253 access("/usr/gnemul/qemu-arm/lib/libdbus-glib-1.so.2", F_OK) = -1 ENOENT (No such file or directory)
1143253 openat(AT_FDCWD, "/lib/libdbus-glib-1.so.2", O_RDONLY|O_CLOEXEC) = 3
1143253 read(3, "\177ELF\1\1\1\0\0\0\0\0\0\0\0\0\3\0(\0\1\0\0\0\0\0\0\0004\0\0\0"..., 512) = 512
1143253 statx(3, "", AT_STATX_SYNC_AS_STAT|AT_NO_AUTOMOUNT|AT_EMPTY_PATH, STATX_BASIC_STATS, {stx_mask=STATX_BASIC_STATS|STATX_MNT_ID, stx_attributes=0, stx_mode=S_IFREG|0644, stx_size=129928, ...}) = 0
1143253 mmap(0x40a14000, 262144, PROT_NONE, MAP_PRIVATE|MAP_FIXED|MAP_ANONYMOUS, -1, 0) = 0x40a14000
1143253 mmap(0x40a20000, 196608, PROT_READ, MAP_PRIVATE|MAP_FIXED|MAP_DENYWRITE, 3, 0) = 0x40a20000
1143253 mmap(0x40a14000, 49152, PROT_NONE, MAP_PRIVATE|MAP_FIXED|MAP_ANONYMOUS|MAP_NORESERVE, -1, 0) = 0x40a14000
1143253 mmap(0x40a50000, 16384, PROT_NONE, MAP_PRIVATE|MAP_FIXED|MAP_ANONYMOUS|MAP_NORESERVE, -1, 0) = 0x40a50000
1143253 mprotect(0x40a3f000, 61440, PROT_NONE) = 0
1143253 mmap(0x40a4e000, 8192, PROT_READ|PROT_WRITE, MAP_PRIVATE|MAP_FIXED|MAP_DENYWRITE, 3, 0x1e000) = 0x40a4e000
1143253 close(3)                        = 0
1143253 readlink("/lib", "usr/lib", 1023) = 7
1143253 readlink("/usr", 0x7ffc0aa4a5e0, 1023) = -1 EINVAL (Invalid argument)
1143253 readlink("/usr/lib", 0x7ffc0aa4a5e0, 1023) = -1 EINVAL (Invalid argument)
1143253 readlink("/usr/lib/libdbus-1.so.3", "libdbus-1.so.3.38.1", 1023) = 19
1143253 readlink("/usr/lib/libdbus-1.so.3.38.1", 0x7ffc0aa4a5e0, 1023) = -1 EINVAL (Invalid argument)
1143253 access("/usr/gnemul/qemu-arm/lib/libdbus-1.so.3", F_OK) = -1 ENOENT (No such file or directory)
1143253 openat(AT_FDCWD, "/lib/libdbus-1.so.3", O_RDONLY|O_CLOEXEC) = 3
1143253 read(3, "\177ELF\1\1\1\0\0\0\0\0\0\0\0\0\3\0(\0\1\0\0\0\0\0\0\0004\0\0\0"..., 512) = 512
1143253 statx(3, "", AT_STATX_SYNC_AS_STAT|AT_NO_AUTOMOUNT|AT_EMPTY_PATH, STATX_BASIC_STATS, {stx_mask=STATX_BASIC_STATS|STATX_MNT_ID, stx_attributes=0, stx_mode=S_IFREG|0644, stx_size=224620, ...}) = 0
1143253 mmap(0x40a50000, 356352, PROT_NONE, MAP_PRIVATE|MAP_FIXED|MAP_ANONYMOUS, -1, 0) = 0x40a50000
1143253 mmap(0x40a50000, 290816, PROT_READ, MAP_PRIVATE|MAP_FIXED|MAP_DENYWRITE, 3, 0) = 0x40a50000
1143253 mmap(0x40a97000, 65536, PROT_NONE, MAP_PRIVATE|MAP_FIXED|MAP_ANONYMOUS|MAP_NORESERVE, -1, 0) = 0x40a97000
1143253 mprotect(0x40a86000, 61440, PROT_NONE) = 0
1143253 mmap(0x40a95000, 8192, PROT_READ|PROT_WRITE, MAP_PRIVATE|MAP_FIXED|MAP_DENYWRITE, 3, 0x35000) = 0x40a95000
1143253 close(3)                        = 0
1143253 readlink("/lib", "usr/lib", 1023) = 7
1143253 readlink("/usr", 0x7ffc0aa4a5e0, 1023) = -1 EINVAL (Invalid argument)
1143253 readlink("/usr/lib", 0x7ffc0aa4a5e0, 1023) = -1 EINVAL (Invalid argument)
1143253 readlink("/usr/lib/libnl-route-3.so.200", "libnl-route-3.so.200.26.0", 1023) = 25
1143253 readlink("/usr/lib/libnl-route-3.so.200.26.0", 0x7ffc0aa4a5e0, 1023) = -1 EINVAL (Invalid argument)
1143253 access("/usr/gnemul/qemu-arm/lib/libnl-route-3.so.200", F_OK) = -1 ENOENT (No such file or directory)
1143253 openat(AT_FDCWD, "/lib/libnl-route-3.so.200", O_RDONLY|O_CLOEXEC) = 3
1143253 read(3, "\177ELF\1\1\1\0\0\0\0\0\0\0\0\0\3\0(\0\1\0\0\0\0\0\0\0004\0\0\0"..., 512) = 512
1143253 statx(3, "", AT_STATX_SYNC_AS_STAT|AT_NO_AUTOMOUNT|AT_EMPTY_PATH, STATX_BASIC_STATS, {stx_mask=STATX_BASIC_STATS|STATX_MNT_ID, stx_attributes=0, stx_mode=S_IFREG|0644, stx_size=473696, ...}) = 0
1143253 mmap(0x40a97000, 610304, PROT_NONE, MAP_PRIVATE|MAP_FIXED|MAP_ANONYMOUS, -1, 0) = 0x40a97000
1143253 mmap(0x40aa0000, 544768, PROT_READ, MAP_PRIVATE|MAP_FIXED|MAP_DENYWRITE, 3, 0) = 0x40aa0000
1143253 mmap(0x40a97000, 36864, PROT_NONE, MAP_PRIVATE|MAP_FIXED|MAP_ANONYMOUS|MAP_NORESERVE, -1, 0) = 0x40a97000
1143253 mmap(0x40b25000, 28672, PROT_NONE, MAP_PRIVATE|MAP_FIXED|MAP_ANONYMOUS|MAP_NORESERVE, -1, 0) = 0x40b25000
1143253 mprotect(0x40b0e000, 61440, PROT_NONE) = 0
1143253 mmap(0x40b1d000, 28672, PROT_READ|PROT_WRITE, MAP_PRIVATE|MAP_FIXED|MAP_DENYWRITE, 3, 0x6d000) = 0x40b1d000
1143253 mmap(0x40b24000, 4096, PROT_READ|PROT_WRITE, MAP_PRIVATE|MAP_FIXED|MAP_ANONYMOUS, -1, 0) = 0x40b24000
1143253 close(3)                        = 0
1143253 readlink("/lib", "usr/lib", 1023) = 7
1143253 readlink("/usr", 0x7ffc0aa4a5e0, 1023) = -1 EINVAL (Invalid argument)
1143253 readlink("/usr/lib", 0x7ffc0aa4a5e0, 1023) = -1 EINVAL (Invalid argument)
1143253 readlink("/usr/lib/libnl-genl-3.so.200", "libnl-genl-3.so.200.26.0", 1023) = 24
1143253 readlink("/usr/lib/libnl-genl-3.so.200.26.0", 0x7ffc0aa4a5e0, 1023) = -1 EINVAL (Invalid argument)
1143253 access("/usr/gnemul/qemu-arm/lib/libnl-genl-3.so.200", F_OK) = -1 ENOENT (No such file or directory)
1143253 openat(AT_FDCWD, "/lib/libnl-genl-3.so.200", O_RDONLY|O_CLOEXEC) = 3
1143253 read(3, "\177ELF\1\1\1\0\0\0\0\0\0\0\0\0\3\0(\0\1\0\0\0\0\0\0\0004\0\0\0"..., 512) = 512
1143253 statx(3, "", AT_STATX_SYNC_AS_STAT|AT_NO_AUTOMOUNT|AT_EMPTY_PATH, STATX_BASIC_STATS, {stx_mask=STATX_BASIC_STATS|STATX_MNT_ID, stx_attributes=0, stx_mode=S_IFREG|0644, stx_size=18488, ...}) = 0
1143253 mmap(0x40803000, 8192, PROT_READ|PROT_WRITE, MAP_PRIVATE|MAP_FIXED|MAP_ANONYMOUS, -1, 0) = 0x40803000
1143253 mmap(0x40b25000, 151552, PROT_NONE, MAP_PRIVATE|MAP_FIXED|MAP_ANONYMOUS, -1, 0) = 0x40b25000
1143253 mmap(0x40b30000, 86016, PROT_READ, MAP_PRIVATE|MAP_FIXED|MAP_DENYWRITE, 3, 0) = 0x40b30000
1143253 mmap(0x40b25000, 45056, PROT_NONE, MAP_PRIVATE|MAP_FIXED|MAP_ANONYMOUS|MAP_NORESERVE, -1, 0) = 0x40b25000
1143253 mmap(0x40b45000, 20480, PROT_NONE, MAP_PRIVATE|MAP_FIXED|MAP_ANONYMOUS|MAP_NORESERVE, -1, 0) = 0x40b45000
1143253 mprotect(0x40b34000, 61440, PROT_NONE) = 0
1143253 mmap(0x40b43000, 8192, PROT_READ|PROT_WRITE, MAP_PRIVATE|MAP_FIXED|MAP_DENYWRITE, 3, 0x3000) = 0x40b43000
1143253 close(3)                        = 0
1143253 readlink("/lib", "usr/lib", 1023) = 7
1143253 readlink("/usr", 0x7ffc0aa4a5e0, 1023) = -1 EINVAL (Invalid argument)
1143253 readlink("/usr/lib", 0x7ffc0aa4a5e0, 1023) = -1 EINVAL (Invalid argument)
1143253 readlink("/usr/lib/libnl-3.so.200", "libnl-3.so.200.26.0", 1023) = 19
1143253 readlink("/usr/lib/libnl-3.so.200.26.0", 0x7ffc0aa4a5e0, 1023) = -1 EINVAL (Invalid argument)
1143253 access("/usr/gnemul/qemu-arm/lib/libnl-3.so.200", F_OK) = -1 ENOENT (No such file or directory)
1143253 openat(AT_FDCWD, "/lib/libnl-3.so.200", O_RDONLY|O_CLOEXEC) = 3
1143253 read(3, "\177ELF\1\1\1\0\0\0\0\0\0\0\0\0\3\0(\0\1\0\0\0\0\0\0\0004\0\0\0"..., 512) = 512
1143253 statx(3, "", AT_STATX_SYNC_AS_STAT|AT_NO_AUTOMOUNT|AT_EMPTY_PATH, STATX_BASIC_STATS, {stx_mask=STATX_BASIC_STATS|STATX_MNT_ID, stx_attributes=0, stx_mode=S_IFREG|0644, stx_size=88404, ...}) = 0
1143253 mmap(0x40b45000, 221184, PROT_NONE, MAP_PRIVATE|MAP_FIXED|MAP_ANONYMOUS, -1, 0) = 0x40b45000
1143253 mmap(0x40b50000, 155648, PROT_READ, MAP_PRIVATE|MAP_FIXED|MAP_DENYWRITE, 3, 0) = 0x40b50000
1143253 mmap(0x40b45000, 45056, PROT_NONE, MAP_PRIVATE|MAP_FIXED|MAP_ANONYMOUS|MAP_NORESERVE, -1, 0) = 0x40b45000
1143253 mmap(0x40b76000, 20480, PROT_NONE, MAP_PRIVATE|MAP_FIXED|MAP_ANONYMOUS|MAP_NORESERVE, -1, 0) = 0x40b76000
1143253 mprotect(0x40b64000, 65536, PROT_NONE) = 0
1143253 mmap(0x40b74000, 8192, PROT_READ|PROT_WRITE, MAP_PRIVATE|MAP_FIXED|MAP_DENYWRITE, 3, 0x14000) = 0x40b74000
1143253 close(3)                        = 0
1143253 readlink("/lib", "usr/lib", 1023) = 7
1143253 readlink("/usr", 0x7ffc0aa4a5e0, 1023) = -1 EINVAL (Invalid argument)
1143253 readlink("/usr/lib", 0x7ffc0aa4a5e0, 1023) = -1 EINVAL (Invalid argument)
1143253 readlink("/usr/lib/libgio-2.0.so.0", "libgio-2.0.so.0.8200.2", 1023) = 22
1143253 readlink("/usr/lib/libgio-2.0.so.0.8200.2", 0x7ffc0aa4a5e0, 1023) = -1 EINVAL (Invalid argument)
1143253 access("/usr/gnemul/qemu-arm/lib/libgio-2.0.so.0", F_OK) = -1 ENOENT (No such file or directory)
1143253 openat(AT_FDCWD, "/lib/libgio-2.0.so.0", O_RDONLY|O_CLOEXEC) = 3
1143253 read(3, "\177ELF\1\1\1\0\0\0\0\0\0\0\0\0\3\0(\0\1\0\0\0\0\0\0\0004\0\0\0"..., 512) = 512
1143253 statx(3, "", AT_STATX_SYNC_AS_STAT|AT_NO_AUTOMOUNT|AT_EMPTY_PATH, STATX_BASIC_STATS, {stx_mask=STATX_BASIC_STATS|STATX_MNT_ID, stx_attributes=0, stx_mode=S_IFREG|0644, stx_size=1636812, ...}) = 0
1143253 mmap(0x40b76000, 1773568, PROT_NONE, MAP_PRIVATE|MAP_FIXED|MAP_ANONYMOUS, -1, 0) = 0x40b76000
1143253 mmap(0x40b80000, 1708032, PROT_READ, MAP_PRIVATE|MAP_FIXED|MAP_DENYWRITE, 3, 0) = 0x40b80000
1143253 mmap(0x40b76000, 40960, PROT_NONE, MAP_PRIVATE|MAP_FIXED|MAP_ANONYMOUS|MAP_NORESERVE, -1, 0) = 0x40b76000
1143253 mmap(0x40d21000, 24576, PROT_NONE, MAP_PRIVATE|MAP_FIXED|MAP_ANONYMOUS|MAP_NORESERVE, -1, 0) = 0x40d21000
1143253 mprotect(0x40d0b000, 65536, PROT_NONE) = 0
1143253 mmap(0x40d1b000, 20480, PROT_READ|PROT_WRITE, MAP_PRIVATE|MAP_FIXED|MAP_DENYWRITE, 3, 0x18b000) = 0x40d1b000
1143253 mmap(0x40d20000, 4096, PROT_READ|PROT_WRITE, MAP_PRIVATE|MAP_FIXED|MAP_ANONYMOUS, -1, 0) = 0x40d20000
1143253 close(3)                        = 0
1143253 readlink("/lib", "usr/lib", 1023) = 7
1143253 readlink("/usr", 0x7ffc0aa4a5e0, 1023) = -1 EINVAL (Invalid argument)
1143253 readlink("/usr/lib", 0x7ffc0aa4a5e0, 1023) = -1 EINVAL (Invalid argument)
1143253 readlink("/usr/lib/libgobject-2.0.so.0", "libgobject-2.0.so.0.8200.2", 1023) = 26
1143253 readlink("/usr/lib/libgobject-2.0.so.0.8200.2", 0x7ffc0aa4a5e0, 1023) = -1 EINVAL (Invalid argument)
1143253 access("/usr/gnemul/qemu-arm/lib/libgobject-2.0.so.0", F_OK) = -1 ENOENT (No such file or directory)
1143253 openat(AT_FDCWD, "/lib/libgobject-2.0.so.0", O_RDONLY|O_CLOEXEC) = 3
1143253 read(3, "\177ELF\1\1\1\0\0\0\0\0\0\0\0\0\3\0(\0\1\0\0\0\0\0\0\0004\0\0\0"..., 512) = 512
1143253 statx(3, "", AT_STATX_SYNC_AS_STAT|AT_NO_AUTOMOUNT|AT_EMPTY_PATH, STATX_BASIC_STATS, {stx_mask=STATX_BASIC_STATS|STATX_MNT_ID, stx_attributes=0, stx_mode=S_IFREG|0644, stx_size=335196, ...}) = 0
1143253 mmap(0x40d21000, 466944, PROT_NONE, MAP_PRIVATE|MAP_FIXED|MAP_ANONYMOUS, -1, 0) = 0x40d21000
1143253 mmap(0x40d30000, 401408, PROT_READ, MAP_PRIVATE|MAP_FIXED|MAP_DENYWRITE, 3, 0) = 0x40d30000
1143253 mmap(0x40d21000, 61440, PROT_NONE, MAP_PRIVATE|MAP_FIXED|MAP_ANONYMOUS|MAP_NORESERVE, -1, 0) = 0x40d21000
1143253 mmap(0x40d92000, 4096, PROT_NONE, MAP_PRIVATE|MAP_FIXED|MAP_ANONYMOUS|MAP_NORESERVE, -1, 0) = 0x40d92000
1143253 mprotect(0x40d80000, 65536, PROT_NONE) = 0
1143253 mmap(0x40d90000, 8192, PROT_READ|PROT_WRITE, MAP_PRIVATE|MAP_FIXED|MAP_DENYWRITE, 3, 0x50000) = 0x40d90000
1143253 close(3)                        = 0
1143253 readlink("/lib", "usr/lib", 1023) = 7
1143253 readlink("/usr", 0x7ffc0aa4a5e0, 1023) = -1 EINVAL (Invalid argument)
1143253 readlink("/usr/lib", 0x7ffc0aa4a5e0, 1023) = -1 EINVAL (Invalid argument)
1143253 readlink("/usr/lib/libglib-2.0.so.0", "libglib-2.0.so.0.8200.2", 1023) = 23
1143254 <... clock_nanosleep resumed>0x7f84a1800020) = 0
1143253 readlink("/usr/lib/libglib-2.0.so.0.8200.2", 0x7ffc0aa4a5e0, 1023) = -1 EINVAL (Invalid argument)
1143254 clock_nanosleep(CLOCK_REALTIME, 0, {tv_sec=0, tv_nsec=10000000},  <unfinished ...>
1143253 access("/usr/gnemul/qemu-arm/lib/libglib-2.0.so.0", F_OK) = -1 ENOENT (No such file or directory)
1143253 openat(AT_FDCWD, "/lib/libglib-2.0.so.0", O_RDONLY|O_CLOEXEC) = 3
1143253 read(3, "\177ELF\1\1\1\0\0\0\0\0\0\0\0\0\3\0(\0\1\0\0\0\0\0\0\0004\0\0\0"..., 512) = 512
1143253 statx(3, "", AT_STATX_SYNC_AS_STAT|AT_NO_AUTOMOUNT|AT_EMPTY_PATH, STATX_BASIC_STATS, {stx_mask=STATX_BASIC_STATS|STATX_MNT_ID, stx_attributes=0, stx_mode=S_IFREG|0644, stx_size=1199352, ...}) = 0
1143253 mmap(0x40d92000, 1331200, PROT_NONE, MAP_PRIVATE|MAP_FIXED|MAP_ANONYMOUS, -1, 0) = 0x40d92000
1143253 mmap(0x40da0000, 1265664, PROT_READ, MAP_PRIVATE|MAP_FIXED|MAP_DENYWRITE, 3, 0) = 0x40da0000
1143253 mmap(0x40d92000, 57344, PROT_NONE, MAP_PRIVATE|MAP_FIXED|MAP_ANONYMOUS|MAP_NORESERVE, -1, 0) = 0x40d92000
1143253 mmap(0x40ed5000, 8192, PROT_NONE, MAP_PRIVATE|MAP_FIXED|MAP_ANONYMOUS|MAP_NORESERVE, -1, 0) = 0x40ed5000
1143253 mprotect(0x40ec4000, 61440, PROT_NONE) = 0
1143253 mmap(0x40ed3000, 8192, PROT_READ|PROT_WRITE, MAP_PRIVATE|MAP_FIXED|MAP_DENYWRITE, 3, 0x123000) = 0x40ed3000
1143253 close(3)                        = 0
1143253 readlink("/lib", "usr/lib", 1023) = 7
1143253 readlink("/usr", 0x7ffc0aa4a5e0, 1023) = -1 EINVAL (Invalid argument)
1143253 readlink("/usr/lib", 0x7ffc0aa4a5e0, 1023) = -1 EINVAL (Invalid argument)
1143253 readlink("/usr/lib/libstdc++.so.6", "libstdc++.so.6.0.29", 1023) = 19
1143253 readlink("/usr/lib/libstdc++.so.6.0.29", 0x7ffc0aa4a5e0, 1023) = -1 EINVAL (Invalid argument)
1143253 access("/usr/gnemul/qemu-arm/lib/libstdc++.so.6", F_OK) = -1 ENOENT (No such file or directory)
1143253 openat(AT_FDCWD, "/lib/libstdc++.so.6", O_RDONLY|O_CLOEXEC) = 3
1143253 read(3, "\177ELF\1\1\1\3\0\0\0\0\0\0\0\0\3\0(\0\1\0\0\0\0\0\0\0004\0\0\0"..., 512) = 512
1143253 statx(3, "", AT_STATX_SYNC_AS_STAT|AT_NO_AUTOMOUNT|AT_EMPTY_PATH, STATX_BASIC_STATS, {stx_mask=STATX_BASIC_STATS|STATX_MNT_ID, stx_attributes=0, stx_mode=S_IFREG|0755, stx_size=1745436, ...}) = 0
1143253 mmap(0x40ed5000, 1884160, PROT_NONE, MAP_PRIVATE|MAP_FIXED|MAP_ANONYMOUS, -1, 0) = 0x40ed5000
1143253 mmap(0x40ee0000, 1818624, PROT_READ, MAP_PRIVATE|MAP_FIXED|MAP_DENYWRITE, 3, 0) = 0x40ee0000
1143253 mmap(0x40ed5000, 45056, PROT_NONE, MAP_PRIVATE|MAP_FIXED|MAP_ANONYMOUS|MAP_NORESERVE, -1, 0) = 0x40ed5000
1143253 mmap(0x4109c000, 20480, PROT_NONE, MAP_PRIVATE|MAP_FIXED|MAP_ANONYMOUS|MAP_NORESERVE, -1, 0) = 0x4109c000
1143253 mprotect(0x41083000, 65536, PROT_NONE) = 0
1143253 mmap(0x41093000, 28672, PROT_READ|PROT_WRITE, MAP_PRIVATE|MAP_FIXED|MAP_DENYWRITE, 3, 0x1a3000) = 0x41093000
1143253 mmap(0x4109a000, 8192, PROT_READ|PROT_WRITE, MAP_PRIVATE|MAP_FIXED|MAP_ANONYMOUS, -1, 0) = 0x4109a000
1143253 close(3)                        = 0
1143253 readlink("/lib", "usr/lib", 1023) = 7
1143253 readlink("/usr", 0x7ffc0aa4a5e0, 1023) = -1 EINVAL (Invalid argument)
1143253 readlink("/usr/lib", 0x7ffc0aa4a5e0, 1023) = -1 EINVAL (Invalid argument)
1143253 readlink("/usr/lib/libm.so.6", 0x7ffc0aa4a5e0, 1023) = -1 EINVAL (Invalid argument)
1143253 access("/usr/gnemul/qemu-arm/lib/libm.so.6", F_OK) = -1 ENOENT (No such file or directory)
1143253 openat(AT_FDCWD, "/lib/libm.so.6", O_RDONLY|O_CLOEXEC) = 3
1143253 read(3, "\177ELF\1\1\1\0\0\0\0\0\0\0\0\0\3\0(\0\1\0\0\0\0\0\0\0004\0\0\0"..., 512) = 512
1143253 statx(3, "", AT_STATX_SYNC_AS_STAT|AT_NO_AUTOMOUNT|AT_EMPTY_PATH, STATX_BASIC_STATS, {stx_mask=STATX_BASIC_STATS|STATX_MNT_ID, stx_attributes=0, stx_mode=S_IFREG|0755, stx_size=279948, ...}) = 0
1143253 mmap(0x4109c000, 413696, PROT_NONE, MAP_PRIVATE|MAP_FIXED|MAP_ANONYMOUS, -1, 0) = 0x4109c000
1143253 mmap(0x410a0000, 348160, PROT_READ, MAP_PRIVATE|MAP_FIXED|MAP_DENYWRITE, 3, 0) = 0x410a0000
1143253 mmap(0x4109c000, 16384, PROT_NONE, MAP_PRIVATE|MAP_FIXED|MAP_ANONYMOUS|MAP_NORESERVE, -1, 0) = 0x4109c000
1143253 mmap(0x410f5000, 49152, PROT_NONE, MAP_PRIVATE|MAP_FIXED|MAP_ANONYMOUS|MAP_NORESERVE, -1, 0) = 0x410f5000
1143253 mprotect(0x410e4000, 61440, PROT_NONE) = 0
1143253 mmap(0x410f3000, 8192, PROT_READ|PROT_WRITE, MAP_PRIVATE|MAP_FIXED|MAP_DENYWRITE, 3, 0x43000) = 0x410f3000
1143253 close(3)                        = 0
1143253 readlink("/lib", "usr/lib", 1023) = 7
1143253 readlink("/usr", 0x7ffc0aa4a5e0, 1023) = -1 EINVAL (Invalid argument)
1143253 readlink("/usr/lib", 0x7ffc0aa4a5e0, 1023) = -1 EINVAL (Invalid argument)
1143253 readlink("/usr/lib/libgcc_s.so.1", 0x7ffc0aa4a5e0, 1023) = -1 EINVAL (Invalid argument)
1143253 access("/usr/gnemul/qemu-arm/lib/libgcc_s.so.1", F_OK) = -1 ENOENT (No such file or directory)
1143253 openat(AT_FDCWD, "/lib/libgcc_s.so.1", O_RDONLY|O_CLOEXEC) = 3
1143253 read(3, "\177ELF\1\1\1\0\0\0\0\0\0\0\0\0\3\0(\0\1\0\0\0\0\0\0\0004\0\0\0"..., 512) = 512
1143253 statx(3, "", AT_STATX_SYNC_AS_STAT|AT_NO_AUTOMOUNT|AT_EMPTY_PATH, STATX_BASIC_STATS, {stx_mask=STATX_BASIC_STATS|STATX_MNT_ID, stx_attributes=0, stx_mode=S_IFREG|0644, stx_size=124452, ...}) = 0
1143253 mmap(0x410f5000, 258048, PROT_NONE, MAP_PRIVATE|MAP_FIXED|MAP_ANONYMOUS, -1, 0) = 0x410f5000
1143253 mmap(0x41100000, 192512, PROT_READ, MAP_PRIVATE|MAP_FIXED|MAP_DENYWRITE, 3, 0) = 0x41100000
1143253 mmap(0x410f5000, 45056, PROT_NONE, MAP_PRIVATE|MAP_FIXED|MAP_ANONYMOUS|MAP_NORESERVE, -1, 0) = 0x410f5000
1143253 mmap(0x4112f000, 20480, PROT_NONE, MAP_PRIVATE|MAP_FIXED|MAP_ANONYMOUS|MAP_NORESERVE, -1, 0) = 0x4112f000
1143253 mprotect(0x4111e000, 61440, PROT_NONE) = 0
1143253 mmap(0x4112d000, 8192, PROT_READ|PROT_WRITE, MAP_PRIVATE|MAP_FIXED|MAP_DENYWRITE, 3, 0x1d000) = 0x4112d000
1143253 close(3)                        = 0
1143253 readlink("/lib", "usr/lib", 1023) = 7
1143253 readlink("/usr", 0x7ffc0aa4a5e0, 1023) = -1 EINVAL (Invalid argument)
1143253 readlink("/usr/lib", 0x7ffc0aa4a5e0, 1023) = -1 EINVAL (Invalid argument)
1143253 readlink("/usr/lib/libc.so.6", 0x7ffc0aa4a5e0, 1023) = -1 EINVAL (Invalid argument)
1143253 access("/usr/gnemul/qemu-arm/lib/libc.so.6", F_OK) = -1 ENOENT (No such file or directory)
1143253 openat(AT_FDCWD, "/lib/libc.so.6", O_RDONLY|O_CLOEXEC) = 3
1143253 read(3, "\177ELF\1\1\1\0\0\0\0\0\0\0\0\0\3\0(\0\1\0\0\0,\333\1\0004\0\0\0"..., 512) = 512
1143253 statx(3, "", AT_STATX_SYNC_AS_STAT|AT_NO_AUTOMOUNT|AT_EMPTY_PATH, STATX_BASIC_STATS, {stx_mask=STATX_BASIC_STATS|STATX_MNT_ID, stx_attributes=0, stx_mode=S_IFREG|0755, stx_size=1434296, ...}) = 0
1143253 mmap(0x4112f000, 1601536, PROT_NONE, MAP_PRIVATE|MAP_FIXED|MAP_ANONYMOUS, -1, 0) = 0x4112f000
1143253 mmap(0x41130000, 1536000, PROT_READ, MAP_PRIVATE|MAP_FIXED|MAP_DENYWRITE, 3, 0) = 0x41130000
1143253 mmap(0x4112f000, 4096, PROT_NONE, MAP_PRIVATE|MAP_FIXED|MAP_ANONYMOUS|MAP_NORESERVE, -1, 0) = 0x4112f000
1143253 mmap(0x412a7000, 61440, PROT_NONE, MAP_PRIVATE|MAP_FIXED|MAP_ANONYMOUS|MAP_NORESERVE, -1, 0) = 0x412a7000
1143253 mprotect(0x4128a000, 65536, PROT_NONE) = 0
1143253 mmap(0x4129a000, 12288, PROT_READ|PROT_WRITE, MAP_PRIVATE|MAP_FIXED|MAP_DENYWRITE, 3, 0x15a000) = 0x4129a000
1143253 mmap(0x4129d000, 40960, PROT_READ|PROT_WRITE, MAP_PRIVATE|MAP_FIXED|MAP_ANONYMOUS, -1, 0) = 0x4129d000
1143253 close(3)                        = 0
1143253 readlink("/lib", "usr/lib", 1023) = 7
1143253 readlink("/usr", 0x7ffc0aa4a5e0, 1023) = -1 EINVAL (Invalid argument)
1143253 readlink("/usr/lib", 0x7ffc0aa4a5e0, 1023) = -1 EINVAL (Invalid argument)
1143253 readlink("/usr/lib/libboost_regex.so.1.83.0", 0x7ffc0aa4a5e0, 1023) = -1 EINVAL (Invalid argument)
1143253 access("/usr/gnemul/qemu-arm/lib/libboost_regex.so.1.83.0", F_OK) = -1 ENOENT (No such file or directory)
1143253 openat(AT_FDCWD, "/lib/libboost_regex.so.1.83.0", O_RDONLY|O_CLOEXEC) = 3
1143253 read(3, "\177ELF\1\1\1\0\0\0\0\0\0\0\0\0\3\0(\0\1\0\0\0\0\0\0\0004\0\0\0"..., 512) = 512
1143253 statx(3, "", AT_STATX_SYNC_AS_STAT|AT_NO_AUTOMOUNT|AT_EMPTY_PATH, STATX_BASIC_STATS, {stx_mask=STATX_BASIC_STATS|STATX_MNT_ID, stx_attributes=0, stx_mode=S_IFREG|0755, stx_size=248784, ...}) = 0
1143253 mmap(0x412a7000, 380928, PROT_NONE, MAP_PRIVATE|MAP_FIXED|MAP_ANONYMOUS, -1, 0) = 0x412a7000
1143253 mmap(0x412b0000, 315392, PROT_READ, MAP_PRIVATE|MAP_FIXED|MAP_DENYWRITE, 3, 0) = 0x412b0000
1143253 mmap(0x412a7000, 36864, PROT_NONE, MAP_PRIVATE|MAP_FIXED|MAP_ANONYMOUS|MAP_NORESERVE, -1, 0) = 0x412a7000
1143253 mmap(0x412fd000, 28672, PROT_NONE, MAP_PRIVATE|MAP_FIXED|MAP_ANONYMOUS|MAP_NORESERVE, -1, 0) = 0x412fd000
1143253 mprotect(0x412eb000, 65536, PROT_NONE) = 0
1143253 mmap(0x412fb000, 8192, PROT_READ|PROT_WRITE, MAP_PRIVATE|MAP_FIXED|MAP_DENYWRITE, 3, 0x3b000) = 0x412fb000
1143253 close(3)                        = 0
1143253 readlink("/lib", "usr/lib", 1023) = 7
1143253 readlink("/usr", 0x7ffc0aa4a5e0, 1023) = -1 EINVAL (Invalid argument)
1143253 readlink("/usr/lib", 0x7ffc0aa4a5e0, 1023) = -1 EINVAL (Invalid argument)
1143253 readlink("/usr/lib/libboost_chrono.so.1.83.0", 0x7ffc0aa4a5e0, 1023) = -1 EINVAL (Invalid argument)
1143253 access("/usr/gnemul/qemu-arm/lib/libboost_chrono.so.1.83.0", F_OK) = -1 ENOENT (No such file or directory)
1143253 openat(AT_FDCWD, "/lib/libboost_chrono.so.1.83.0", O_RDONLY|O_CLOEXEC) = 3
1143253 read(3, "\177ELF\1\1\1\3\0\0\0\0\0\0\0\0\3\0(\0\1\0\0\0\0\0\0\0004\0\0\0"..., 512) = 512
1143253 statx(3, "", AT_STATX_SYNC_AS_STAT|AT_NO_AUTOMOUNT|AT_EMPTY_PATH, STATX_BASIC_STATS, {stx_mask=STATX_BASIC_STATS|STATX_MNT_ID, stx_attributes=0, stx_mode=S_IFREG|0755, stx_size=22084, ...}) = 0
1143253 mmap(0x412fd000, 155648, PROT_NONE, MAP_PRIVATE|MAP_FIXED|MAP_ANONYMOUS, -1, 0) = 0x412fd000
1143253 mmap(0x41300000, 90112, PROT_READ, MAP_PRIVATE|MAP_FIXED|MAP_DENYWRITE, 3, 0) = 0x41300000
1143253 mmap(0x412fd000, 12288, PROT_NONE, MAP_PRIVATE|MAP_FIXED|MAP_ANONYMOUS|MAP_NORESERVE, -1, 0) = 0x412fd000
1143253 mmap(0x41316000, 53248, PROT_NONE, MAP_PRIVATE|MAP_FIXED|MAP_ANONYMOUS|MAP_NORESERVE, -1, 0) = 0x41316000
1143253 mprotect(0x41305000, 61440, PROT_NONE) = 0
1143253 mmap(0x41314000, 8192, PROT_READ|PROT_WRITE, MAP_PRIVATE|MAP_FIXED|MAP_DENYWRITE, 3, 0x4000) = 0x41314000
1143253 close(3)                        = 0
1143253 readlink("/lib", "usr/lib", 1023) = 7
1143253 readlink("/usr", 0x7ffc0aa4a5e0, 1023) = -1 EINVAL (Invalid argument)
1143253 readlink("/usr/lib", 0x7ffc0aa4a5e0, 1023) = -1 EINVAL (Invalid argument)
1143253 readlink("/usr/lib/libboost_atomic.so.1.83.0", 0x7ffc0aa4a5e0, 1023) = -1 EINVAL (Invalid argument)
1143253 access("/usr/gnemul/qemu-arm/lib/libboost_atomic.so.1.83.0", F_OK) = -1 ENOENT (No such file or directory)
1143253 openat(AT_FDCWD, "/lib/libboost_atomic.so.1.83.0", O_RDONLY|O_CLOEXEC) = 3
1143253 read(3, "\177ELF\1\1\1\0\0\0\0\0\0\0\0\0\3\0(\0\1\0\0\0\0\0\0\0004\0\0\0"..., 512) = 512
1143253 statx(3, "", AT_STATX_SYNC_AS_STAT|AT_NO_AUTOMOUNT|AT_EMPTY_PATH, STATX_BASIC_STATS, {stx_mask=STATX_BASIC_STATS|STATX_MNT_ID, stx_attributes=0, stx_mode=S_IFREG|0755, stx_size=9600, ...}) = 0
1143253 mmap(0x41316000, 159744, PROT_NONE, MAP_PRIVATE|MAP_FIXED|MAP_ANONYMOUS, -1, 0) = 0x41316000
1143253 mmap(0x41320000, 94208, PROT_READ, MAP_PRIVATE|MAP_FIXED|MAP_DENYWRITE, 3, 0) = 0x41320000
1143253 mmap(0x41316000, 40960, PROT_NONE, MAP_PRIVATE|MAP_FIXED|MAP_ANONYMOUS|MAP_NORESERVE, -1, 0) = 0x41316000
1143253 mmap(0x41337000, 24576, PROT_NONE, MAP_PRIVATE|MAP_FIXED|MAP_ANONYMOUS|MAP_NORESERVE, -1, 0) = 0x41337000
1143253 mprotect(0x41322000, 61440, PROT_NONE) = 0
1143253 mmap(0x41331000, 8192, PROT_READ|PROT_WRITE, MAP_PRIVATE|MAP_FIXED|MAP_DENYWRITE, 3, 0x1000) = 0x41331000
1143253 mmap(0x41333000, 16384, PROT_READ|PROT_WRITE, MAP_PRIVATE|MAP_FIXED|MAP_ANONYMOUS, -1, 0) = 0x41333000
1143253 close(3)                        = 0
1143253 mmap(0x40805000, 8192, PROT_READ|PROT_WRITE, MAP_PRIVATE|MAP_FIXED|MAP_ANONYMOUS, -1, 0) = 0x40805000
1143253 readlink("/lib", "usr/lib", 1023) = 7
1143253 readlink("/usr", 0x7ffc0aa4a5e0, 1023) = -1 EINVAL (Invalid argument)
1143253 readlink("/usr/lib", 0x7ffc0aa4a5e0, 1023) = -1 EINVAL (Invalid argument)
1143253 readlink("/usr/lib/libgmodule-2.0.so.0", "libgmodule-2.0.so.0.8200.2", 1023) = 26
1143253 readlink("/usr/lib/libgmodule-2.0.so.0.8200.2", 0x7ffc0aa4a5e0, 1023) = -1 EINVAL (Invalid argument)
1143253 access("/usr/gnemul/qemu-arm/lib/libgmodule-2.0.so.0", F_OK) = -1 ENOENT (No such file or directory)
1143253 openat(AT_FDCWD, "/lib/libgmodule-2.0.so.0", O_RDONLY|O_CLOEXEC) = 3
1143253 read(3, "\177ELF\1\1\1\0\0\0\0\0\0\0\0\0\3\0(\0\1\0\0\0\0\0\0\0004\0\0\0"..., 512) = 512
1143253 statx(3, "", AT_STATX_SYNC_AS_STAT|AT_NO_AUTOMOUNT|AT_EMPTY_PATH, STATX_BASIC_STATS, {stx_mask=STATX_BASIC_STATS|STATX_MNT_ID, stx_attributes=0, stx_mode=S_IFREG|0644, stx_size=13724, ...}) = 0
1143253 mmap(0x41337000, 147456, PROT_NONE, MAP_PRIVATE|MAP_FIXED|MAP_ANONYMOUS, -1, 0) = 0x41337000
1143253 mmap(0x41340000, 81920, PROT_READ, MAP_PRIVATE|MAP_FIXED|MAP_DENYWRITE, 3, 0) = 0x41340000
1143253 mmap(0x41337000, 36864, PROT_NONE, MAP_PRIVATE|MAP_FIXED|MAP_ANONYMOUS|MAP_NORESERVE, -1, 0) = 0x41337000
1143253 mmap(0x41354000, 28672, PROT_NONE, MAP_PRIVATE|MAP_FIXED|MAP_ANONYMOUS|MAP_NORESERVE, -1, 0) = 0x41354000
1143253 mprotect(0x41343000, 61440, PROT_NONE) = 0
1143253 mmap(0x41352000, 8192, PROT_READ|PROT_WRITE, MAP_PRIVATE|MAP_FIXED|MAP_DENYWRITE, 3, 0x2000) = 0x41352000
1143253 close(3)                        = 0
1143253 readlink("/lib", "usr/lib", 1023) = 7
1143253 readlink("/usr", 0x7ffc0aa4a5e0, 1023) = -1 EINVAL (Invalid argument)
1143253 readlink("/usr/lib", 0x7ffc0aa4a5e0, 1023) = -1 EINVAL (Invalid argument)
1143253 readlink("/usr/lib/libz.so.1", "libz.so.1.3.1", 1023) = 13
1143253 readlink("/usr/lib/libz.so.1.3.1", 0x7ffc0aa4a5e0, 1023) = -1 EINVAL (Invalid argument)
1143253 access("/usr/gnemul/qemu-arm/lib/libz.so.1", F_OK) = -1 ENOENT (No such file or directory)
1143253 openat(AT_FDCWD, "/lib/libz.so.1", O_RDONLY|O_CLOEXEC) = 3
1143253 read(3, "\177ELF\1\1\1\0\0\0\0\0\0\0\0\0\3\0(\0\1\0\0\0\0\0\0\0004\0\0\0"..., 512) = 512
1143253 statx(3, "", AT_STATX_SYNC_AS_STAT|AT_NO_AUTOMOUNT|AT_EMPTY_PATH, STATX_BASIC_STATS, {stx_mask=STATX_BASIC_STATS|STATX_MNT_ID, stx_attributes=0, stx_mode=S_IFREG|0644, stx_size=95816, ...}) = 0
1143253 mmap(0x41354000, 229376, PROT_NONE, MAP_PRIVATE|MAP_FIXED|MAP_ANONYMOUS, -1, 0) = 0x41354000
1143253 mmap(0x41360000, 163840, PROT_READ, MAP_PRIVATE|MAP_FIXED|MAP_DENYWRITE, 3, 0) = 0x41360000
1143253 mmap(0x41354000, 49152, PROT_NONE, MAP_PRIVATE|MAP_FIXED|MAP_ANONYMOUS|MAP_NORESERVE, -1, 0) = 0x41354000
1143253 mmap(0x41388000, 16384, PROT_NONE, MAP_PRIVATE|MAP_FIXED|MAP_ANONYMOUS|MAP_NORESERVE, -1, 0) = 0x41388000
1143253 mprotect(0x41377000, 61440, PROT_NONE) = 0
1143253 mmap(0x41386000, 8192, PROT_READ|PROT_WRITE, MAP_PRIVATE|MAP_FIXED|MAP_DENYWRITE, 3, 0x16000) = 0x41386000
1143253 close(3)                        = 0
1143253 readlink("/lib", "usr/lib", 1023) = 7
1143253 readlink("/usr", 0x7ffc0aa4a5e0, 1023) = -1 EINVAL (Invalid argument)
1143253 readlink("/usr/lib", 0x7ffc0aa4a5e0, 1023) = -1 EINVAL (Invalid argument)
1143253 readlink("/usr/lib/libmount.so.1", "libmount.so.1.1.0", 1023) = 17
1143253 readlink("/usr/lib/libmount.so.1.1.0", 0x7ffc0aa4a5e0, 1023) = -1 EINVAL (Invalid argument)
1143253 access("/usr/gnemul/qemu-arm/lib/libmount.so.1", F_OK) = -1 ENOENT (No such file or directory)
1143253 openat(AT_FDCWD, "/lib/libmount.so.1", O_RDONLY|O_CLOEXEC) = 3
1143253 read(3, "\177ELF\1\1\1\0\0\0\0\0\0\0\0\0\3\0(\0\1\0\0\0\0\0\0\0004\0\0\0"..., 512) = 512
1143253 statx(3, "", AT_STATX_SYNC_AS_STAT|AT_NO_AUTOMOUNT|AT_EMPTY_PATH, STATX_BASIC_STATS, {stx_mask=STATX_BASIC_STATS|STATX_MNT_ID, stx_attributes=0, stx_mode=S_IFREG|0644, stx_size=306360, ...}) = 0
1143253 mmap(0x41388000, 438272, PROT_NONE, MAP_PRIVATE|MAP_FIXED|MAP_ANONYMOUS, -1, 0) = 0x41388000
1143253 mmap(0x41390000, 372736, PROT_READ, MAP_PRIVATE|MAP_FIXED|MAP_DENYWRITE, 3, 0) = 0x41390000
1143253 mmap(0x41388000, 32768, PROT_NONE, MAP_PRIVATE|MAP_FIXED|MAP_ANONYMOUS|MAP_NORESERVE, -1, 0) = 0x41388000
1143253 mmap(0x413eb000, 32768, PROT_NONE, MAP_PRIVATE|MAP_FIXED|MAP_ANONYMOUS|MAP_NORESERVE, -1, 0) = 0x413eb000
1143253 mprotect(0x413da000, 61440, PROT_NONE) = 0
1143253 mmap(0x413e9000, 8192, PROT_READ|PROT_WRITE, MAP_PRIVATE|MAP_FIXED|MAP_DENYWRITE, 3, 0x49000) = 0x413e9000
1143253 close(3)                        = 0
1143253 readlink("/lib", "usr/lib", 1023) = 7
1143253 readlink("/usr", 0x7ffc0aa4a5e0, 1023) = -1 EINVAL (Invalid argument)
1143253 readlink("/usr/lib", 0x7ffc0aa4a5e0, 1023) = -1 EINVAL (Invalid argument)
1143253 readlink("/usr/lib/libffi.so.8", "libffi.so.8.1.4", 1023) = 15
1143253 readlink("/usr/lib/libffi.so.8.1.4", 0x7ffc0aa4a5e0, 1023) = -1 EINVAL (Invalid argument)
1143253 access("/usr/gnemul/qemu-arm/lib/libffi.so.8", F_OK) = -1 ENOENT (No such file or directory)
1143253 openat(AT_FDCWD, "/lib/libffi.so.8", O_RDONLY|O_CLOEXEC) = 3
1143253 read(3, "\177ELF\1\1\1\0\0\0\0\0\0\0\0\0\3\0(\0\1\0\0\0\0\0\0\0004\0\0\0"..., 512) = 512
1143253 statx(3, "", AT_STATX_SYNC_AS_STAT|AT_NO_AUTOMOUNT|AT_EMPTY_PATH, STATX_BASIC_STATS, {stx_mask=STATX_BASIC_STATS|STATX_MNT_ID, stx_attributes=0, stx_mode=S_IFREG|0644, stx_size=46764, ...}) = 0
1143253 mmap(0x413eb000, 180224, PROT_NONE, MAP_PRIVATE|MAP_FIXED|MAP_ANONYMOUS, -1, 0) = 0x413eb000
1143253 mmap(0x413f0000, 114688, PROT_READ, MAP_PRIVATE|MAP_FIXED|MAP_DENYWRITE, 3, 0) = 0x413f0000
1143253 mmap(0x413eb000, 20480, PROT_NONE, MAP_PRIVATE|MAP_FIXED|MAP_ANONYMOUS|MAP_NORESERVE, -1, 0) = 0x413eb000
1143253 mmap(0x4140c000, 45056, PROT_NONE, MAP_PRIVATE|MAP_FIXED|MAP_ANONYMOUS|MAP_NORESERVE, -1, 0) = 0x4140c000
1143253 mprotect(0x413fb000, 61440, PROT_NONE) = 0
1143253 mmap(0x4140a000, 8192, PROT_READ|PROT_WRITE, MAP_PRIVATE|MAP_FIXED|MAP_DENYWRITE, 3, 0xa000) = 0x4140a000
1143253 close(3)                        = 0
1143253 readlink("/lib", "usr/lib", 1023) = 7
1143253 readlink("/usr", 0x7ffc0aa4a5e0, 1023) = -1 EINVAL (Invalid argument)
1143253 readlink("/usr/lib", 0x7ffc0aa4a5e0, 1023) = -1 EINVAL (Invalid argument)
1143253 readlink("/usr/lib/libpcre2-8.so.0", "libpcre2-8.so.0.13.0", 1023) = 20
1143253 readlink("/usr/lib/libpcre2-8.so.0.13.0", 0x7ffc0aa4a5e0, 1023) = -1 EINVAL (Invalid argument)
1143253 access("/usr/gnemul/qemu-arm/lib/libpcre2-8.so.0", F_OK) = -1 ENOENT (No such file or directory)
1143253 openat(AT_FDCWD, "/lib/libpcre2-8.so.0", O_RDONLY|O_CLOEXEC) = 3
1143253 read(3, "\177ELF\1\1\1\0\0\0\0\0\0\0\0\0\3\0(\0\1\0\0\0\0\0\0\0004\0\0\0"..., 512) = 512
1143253 statx(3, "", AT_STATX_SYNC_AS_STAT|AT_NO_AUTOMOUNT|AT_EMPTY_PATH, STATX_BASIC_STATS, {stx_mask=STATX_BASIC_STATS|STATX_MNT_ID, stx_attributes=0, stx_mode=S_IFREG|0644, stx_size=374256, ...}) = 0
1143253 mmap(0x4140c000, 507904, PROT_NONE, MAP_PRIVATE|MAP_FIXED|MAP_ANONYMOUS, -1, 0) = 0x4140c000
1143253 mmap(0x41410000, 442368, PROT_READ, MAP_PRIVATE|MAP_FIXED|MAP_DENYWRITE, 3, 0) = 0x41410000
1143253 mmap(0x4140c000, 16384, PROT_NONE, MAP_PRIVATE|MAP_FIXED|MAP_ANONYMOUS|MAP_NORESERVE, -1, 0) = 0x4140c000
1143253 mmap(0x4147c000, 49152, PROT_NONE, MAP_PRIVATE|MAP_FIXED|MAP_ANONYMOUS|MAP_NORESERVE, -1, 0) = 0x4147c000
1143253 mprotect(0x4146b000, 61440, PROT_NONE) = 0
1143253 mmap(0x4147a000, 8192, PROT_READ|PROT_WRITE, MAP_PRIVATE|MAP_FIXED|MAP_DENYWRITE, 3, 0x5a000) = 0x4147a000
1143253 close(3)                        = 0
1143253 readlink("/lib", "usr/lib", 1023) = 7
1143253 readlink("/usr", 0x7ffc0aa4a5e0, 1023) = -1 EINVAL (Invalid argument)
1143253 readlink("/usr/lib", 0x7ffc0aa4a5e0, 1023) = -1 EINVAL (Invalid argument)
1143253 readlink("/usr/lib/libblkid.so.1", "libblkid.so.1.1.0", 1023) = 17
1143253 readlink("/usr/lib/libblkid.so.1.1.0", 0x7ffc0aa4a5e0, 1023) = -1 EINVAL (Invalid argument)
1143253 access("/usr/gnemul/qemu-arm/lib/libblkid.so.1", F_OK) = -1 ENOENT (No such file or directory)
1143253 openat(AT_FDCWD, "/lib/libblkid.so.1", O_RDONLY|O_CLOEXEC) = 3
1143253 read(3, "\177ELF\1\1\1\0\0\0\0\0\0\0\0\0\3\0(\0\1\0\0\0\0\0\0\0004\0\0\0"..., 512) = 512
1143253 statx(3, "", AT_STATX_SYNC_AS_STAT|AT_NO_AUTOMOUNT|AT_EMPTY_PATH, STATX_BASIC_STATS, {stx_mask=STATX_BASIC_STATS|STATX_MNT_ID, stx_attributes=0, stx_mode=S_IFREG|0644, stx_size=240272, ...}) = 0
1143253 mmap(0x4147c000, 372736, PROT_NONE, MAP_PRIVATE|MAP_FIXED|MAP_ANONYMOUS, -1, 0) = 0x4147c000
1143253 mmap(0x41480000, 307200, PROT_READ, MAP_PRIVATE|MAP_FIXED|MAP_DENYWRITE, 3, 0) = 0x41480000
1143253 mmap(0x4147c000, 16384, PROT_NONE, MAP_PRIVATE|MAP_FIXED|MAP_ANONYMOUS|MAP_NORESERVE, -1, 0) = 0x4147c000
1143253 mmap(0x414cb000, 49152, PROT_NONE, MAP_PRIVATE|MAP_FIXED|MAP_ANONYMOUS|MAP_NORESERVE, -1, 0) = 0x414cb000
1143253 mprotect(0x414b7000, 65536, PROT_NONE) = 0
1143253 mmap(0x414c7000, 16384, PROT_READ|PROT_WRITE, MAP_PRIVATE|MAP_FIXED|MAP_DENYWRITE, 3, 0x37000) = 0x414c7000
1143253 close(3)                        = 0
1143254 <... clock_nanosleep resumed>0x7f84a1800020) = 0
1143254 futex(0x7f84a1e0a540, FUTEX_WAIT, 4294967295, NULL <unfinished ...>
1143253 brk(0x5555556e2000)             = 0x5555556e2000
1143253 brk(0x5555556e1000)             = 0x5555556e1000
1143253 futex(0x7f84a1e0a540, FUTEX_WAKE, 2147483647) = 1
1143253 mmap(0x40807000, 8192, PROT_READ|PROT_WRITE, MAP_PRIVATE|MAP_FIXED|MAP_ANONYMOUS, -1, 0 <unfinished ...>
1143254 <... futex resumed>)            = 0
1143253 <... mmap resumed>)             = 0x40807000
1143254 clock_nanosleep(CLOCK_REALTIME, 0, {tv_sec=0, tv_nsec=10000000},  <unfinished ...>
1143253 mmap(0x40809000, 8192, PROT_READ|PROT_WRITE, MAP_PRIVATE|MAP_FIXED|MAP_ANONYMOUS, -1, 0) = 0x40809000
1143253 gettid()                        = 1143253
1143253 mprotect(0x4129a000, 8192, PROT_READ) = 0
1143253 mprotect(0x414c7000, 12288, PROT_READ) = 0
1143253 mprotect(0x4147a000, 4096, PROT_READ) = 0
1143253 mprotect(0x4112d000, 4096, PROT_READ) = 0
1143253 mprotect(0x4140a000, 4096, PROT_READ) = 0
1143253 mprotect(0x413e9000, 4096, PROT_READ) = 0
1143253 mprotect(0x41386000, 4096, PROT_READ) = 0
1143253 mprotect(0x40ed3000, 4096, PROT_READ) = 0
1143253 mprotect(0x41352000, 4096, PROT_READ) = 0
1143253 mprotect(0x410f3000, 4096, PROT_READ) = 0
1143253 mprotect(0x41093000, 20480, PROT_READ) = 0
1143253 mprotect(0x41331000, 4096, PROT_READ) = 0
1143253 mprotect(0x41314000, 4096, PROT_READ) = 0
1143253 mprotect(0x412fb000, 4096, PROT_READ) = 0
1143253 mprotect(0x40d90000, 4096, PROT_READ) = 0
1143253 mprotect(0x40d1b000, 12288, PROT_READ) = 0
1143253 mprotect(0x40b74000, 4096, PROT_READ) = 0
1143253 mprotect(0x40b43000, 4096, PROT_READ) = 0
1143253 mprotect(0x40b1d000, 12288, PROT_READ) = 0
1143253 mprotect(0x40a95000, 4096, PROT_READ) = 0
1143253 mprotect(0x40a4e000, 4096, PROT_READ) = 0
1143253 mprotect(0x40a12000, 4096, PROT_READ) = 0
1143253 mprotect(0x409e3000, 8192, PROT_READ) = 0
1143253 mprotect(0x4099a000, 4096, PROT_READ) = 0
1143253 mprotect(0x40960000, 4096, PROT_READ) = 0
1143253 mprotect(0x40948000, 4096, PROT_READ) = 0
1143253 mprotect(0x40913000, 12288, PROT_READ) = 0
1143253 mprotect(0xa1000, 12288, PROT_READ) = 0
1143253 mmap(0x4080b000, 8192, PROT_READ|PROT_WRITE, MAP_PRIVATE|MAP_FIXED|MAP_ANONYMOUS, -1, 0) = 0x4080b000
1143253 mprotect(0x40848000, 8192, PROT_READ) = 0
1143253 prlimit64(0, RLIMIT_STACK, NULL, {rlim_cur=8192*1024, rlim_max=RLIM64_INFINITY}) = 0
1143253 getrandom("\x67\x4d\xc7\xb6", 4, GRND_NONBLOCK) = 4
1143253 mmap(0xa6000, 135168, PROT_READ|PROT_WRITE, MAP_PRIVATE|MAP_FIXED|MAP_ANONYMOUS, -1, 0) = 0xa6000
1143254 <... clock_nanosleep resumed>0x7f84a1800020) = 0
1143253 futex(0x7f84a1e094e0, FUTEX_WAIT_PRIVATE, 2, NULL <unfinished ...>
1143254 futex(0x7f84a1e094e0, FUTEX_WAKE_PRIVATE, 1 <unfinished ...>
1143253 <... futex resumed>)            = -1 EAGAIN (Resource temporarily unavailable)
1143254 <... futex resumed>)            = 0
1143253 futex(0x7f84a1e094e0, FUTEX_WAKE_PRIVATE, 1 <unfinished ...>
1143254 futex(0x7f84a1e0bfb0, FUTEX_WAIT, 4294967295, NULL <unfinished ...>
1143253 <... futex resumed>)            = 0
1143253 futex(0x7f84a1e15998, FUTEX_WAKE_PRIVATE, 2147483647) = 0
1143253 futex(0x7f84a1e15998, FUTEX_WAKE_PRIVATE, 2147483647) = 0
1143253 futex(0x7f84a1e15998, FUTEX_WAKE_PRIVATE, 2147483647) = 0
1143253 futex(0x40ed4e14, FUTEX_WAKE_PRIVATE, 2147483647) = 0
1143253 futex(0x40ed4e14, FUTEX_WAKE_PRIVATE, 2147483647) = 0
1143253 statx(AT_FDCWD, "/etc/libnl/classid", AT_STATX_SYNC_AS_STAT|AT_NO_AUTOMOUNT, STATX_BASIC_STATS, {stx_mask=STATX_BASIC_STATS|STATX_MNT_ID, stx_attributes=0, stx_mode=S_IFREG|0644, stx_size=1130, ...}) = 0
1143253 brk(0x555555702000)             = 0x555555702000
1143253 readlink("/etc", 0x7ffc0aa4a5e0, 1023) = -1 EINVAL (Invalid argument)
1143253 readlink("/etc/libnl", 0x7ffc0aa4a5e0, 1023) = -1 EINVAL (Invalid argument)
1143253 readlink("/etc/libnl/classid", 0x7ffc0aa4a5e0, 1023) = -1 EINVAL (Invalid argument)
1143253 access("/usr/gnemul/qemu-arm/etc/libnl/classid", F_OK) = -1 ENOENT (No such file or directory)
1143253 openat(AT_FDCWD, "/etc/libnl/classid", O_RDONLY|O_CLOEXEC) = 3
1143253 statx(3, "", AT_STATX_SYNC_AS_STAT|AT_NO_AUTOMOUNT|AT_EMPTY_PATH, STATX_BASIC_STATS, {stx_mask=STATX_BASIC_STATS|STATX_MNT_ID, stx_attributes=0, stx_mode=S_IFREG|0644, stx_size=1130, ...}) = 0
1143253 read(3, "################################"..., 4096) = 1130
1143253 futex(0x7f84a1e15998, FUTEX_WAKE_PRIVATE, 2147483647) = 0
1143253 futex(0x7f84a1e15998, FUTEX_WAKE_PRIVATE, 2147483647) = 0
1143253 read(3, "", 4096)               = 0
1143253 close(3)                        = 0
1143253 uname({sysname="Linux", nodename="fabiha-Precision-3660", ...}) = 0
1143253 futex(0x4109a6f0, FUTEX_WAKE_PRIVATE, 2147483647) = 0
1143253 futex(0x4109a6f4, FUTEX_WAKE_PRIVATE, 2147483647) = 0
1143253 readlink("/sys", 0x7ffc0aa4a5e0, 1023) = -1 EINVAL (Invalid argument)
1143253 readlink("/sys/devices", 0x7ffc0aa4a5e0, 1023) = -1 ENOENT (No such file or directory)
1143253 access("/usr/gnemul/qemu-arm/sys/devices/system/cpu/online", F_OK) = -1 ENOENT (No such file or directory)
1143253 openat(AT_FDCWD, "/sys/devices/system/cpu/online", O_RDONLY|O_CLOEXEC) = -1 ENOENT (No such file or directory)
1143253 readlink("/proc", 0x7ffc0aa4a5e0, 1023) = -1 ENOENT (No such file or directory)
1143253 access("/usr/gnemul/qemu-arm/proc/stat", F_OK) = -1 ENOENT (No such file or directory)
1143253 openat(AT_FDCWD, "/proc/stat", O_RDONLY|O_CLOEXEC) = -1 ENOENT (No such file or directory)
1143253 sched_getaffinity(0, 4096, [0 1 2 3 4 5 6 7 8 9 10 11 12 13 14 15 16 17 18 19 20 21 22 23]) = 8
1143253 statx(1, "", AT_STATX_SYNC_AS_STAT|AT_NO_AUTOMOUNT|AT_EMPTY_PATH, STATX_BASIC_STATS, {stx_mask=STATX_BASIC_STATS|STATX_MNT_ID, stx_attributes=0, stx_mode=S_IFCHR|0620, stx_size=0, ...}) = 0
1143253 write(1, "Starting network configuration d"..., 42) = 42
1143253 rt_sigprocmask(SIG_SETMASK, ~[RTMIN RT_1], NULL, 8) = 0
1143253 rt_sigprocmask(SIG_SETMASK, ~[RTMIN RT_1], NULL, 8) = 0
1143253 rt_sigprocmask(SIG_SETMASK, [], NULL, 8) = 0
1143253 write(1, "/usr/bin/netconfd: WAGO network "..., 600) = 600
1143253 brk(0x555555723000)             = 0x555555723000
1143253 exit_group(0)                   = ?
1143254 <... futex resumed>)            = ?
1143254 +++ exited with 0 +++
1143253 +++ exited with 0 +++
